
//==========================================================================================================
系统时间：11/11/2022 15:35:57  当前线程ID：1
日志等级：
日志内容：批量查询标定数据异常：在与 SQL Server 建立连接时出现与网络相关的或特定于实例的错误。未找到或无法访问服务器。请验证实例名称是否正确并且 SQL Server 已配置为允许远程连接。 (provider: SQL Network Interfaces, error: 26 - 定位指定的服务器/实例时出错)
异常信息：
  >>异常消息（Message）：在与 SQL Server 建立连接时出现与网络相关的或特定于实例的错误。未找到或无法访问服务器。请验证实例名称是否正确并且 SQL Server 已配置为允许远程连接。 (provider: SQL Network Interfaces, error: 26 - 定位指定的服务器/实例时出错)
  >>异常来源（Source）：.Net SqlClient Data Provider
  >>异常类型（ExceptionType）：System.Data.SqlClient.SqlException
  >>原生异常类型（BaseExceptionType）：System.Data.SqlClient.SqlException
  >>出错的方法签名（TargetSite）：Boolean TryGetConnection(System.Data.Common.DbConnection, UInt32, Boolean, Boolean, System.Data.Common.DbConnectionOptions, System.Data.ProviderBase.DbConnectionInternal ByRef)
  >>自定义数据（Data）：Key：HelpLink.ProdName，Value：Microsoft SQL Server; Key：HelpLink.EvtSrc，Value：MSSQLServer; Key：HelpLink.EvtID，Value：-1; Key：HelpLink.BaseHelpUrl，Value：http://go.microsoft.com/fwlink; Key：HelpLink.LinkId，Value：20476; 
  >>堆栈信息（StackTrace）：
   在 System.Data.ProviderBase.DbConnectionPool.TryGetConnection(DbConnection owningObject, UInt32 waitForMultipleObjectsTimeout, Boolean allowCreate, Boolean onlyOneCheckConnection, DbConnectionOptions userOptions, DbConnectionInternal& connection)
   在 System.Data.ProviderBase.DbConnectionPool.TryGetConnection(DbConnection owningObject, TaskCompletionSource`1 retry, DbConnectionOptions userOptions, DbConnectionInternal& connection)
   在 System.Data.ProviderBase.DbConnectionFactory.TryGetConnection(DbConnection owningConnection, TaskCompletionSource`1 retry, DbConnectionOptions userOptions, DbConnectionInternal oldConnection, DbConnectionInternal& connection)
   在 System.Data.ProviderBase.DbConnectionInternal.TryOpenConnectionInternal(DbConnection outerConnection, DbConnectionFactory connectionFactory, TaskCompletionSource`1 retry, DbConnectionOptions userOptions)
   在 System.Data.ProviderBase.DbConnectionClosed.TryOpenConnection(DbConnection outerConnection, DbConnectionFactory connectionFactory, TaskCompletionSource`1 retry, DbConnectionOptions userOptions)
   在 System.Data.SqlClient.SqlConnection.TryOpenInner(TaskCompletionSource`1 retry)
   在 System.Data.SqlClient.SqlConnection.TryOpen(TaskCompletionSource`1 retry)
   在 System.Data.SqlClient.SqlConnection.Open()
   在 LinqToDB.Async.AsyncDbConnection.Open()
   在 LinqToDB.Data.DataConnection.EnsureConnection(Boolean connect)
   在 LinqToDB.Data.DataConnection.CreateCommand()
   在 LinqToDB.Data.DataConnection.GetOrCreateCommand()
   在 LinqToDB.Data.DataConnection.InitCommand(CommandType commandType, String sql, DataParameter[] parameters, IReadOnlyCollection`1 queryHints, Boolean withParameters)
   在 LinqToDB.Data.DataConnection.QueryRunner.ExecuteReader()
   在 LinqToDB.Linq.QueryRunner.<ExecuteQuery>d__11`1.MoveNext()
   在 System.Collections.Generic.List`1..ctor(IEnumerable`1 collection)
   在 System.Linq.Enumerable.ToList[TSource](IEnumerable`1 source)
   在 ME.DB.PlatformActionDAL.SearchMany(Func`2 search) 位置 C:\ME.BioSoft\ME.DB\PlatformActionDAL.cs:行号 52
