
//==========================================================================================================
系统时间：11/16/2022 11:28:30  当前线程ID：1
日志等级：
日志内容：批量查询标定数据异常：调用的目标发生了异常。
异常信息：
  >>异常消息（Message）：调用的目标发生了异常。
  >>异常来源（Source）：mscorlib
  >>异常类型（ExceptionType）：System.Reflection.TargetInvocationException
  >>原生异常类型（BaseExceptionType）：System.InvalidOperationException
  >>出错的方法签名（TargetSite）：System.Object CreateInstance(System.RuntimeType, Boolean, Boolean, Boolean ByRef, System.RuntimeMethodHandleInternal ByRef, Boolean ByRef)
  >>堆栈信息（StackTrace）：
   在 System.RuntimeTypeHandle.CreateInstance(RuntimeType type, Boolean publicOnly, Boolean noCheck, Boolean& canBeCached, RuntimeMethodHandleInternal& ctor, Boolean& bNeedSecurityCheck)
   在 System.RuntimeType.CreateInstanceSlow(Boolean publicOnly, Boolean skipCheckThis, Boolean fillCache, StackCrawlMark& stackMark)
   在 System.RuntimeType.CreateInstanceDefaultCtor(Boolean publicOnly, Boolean skipCheckThis, Boolean fillCache, StackCrawlMark& stackMark)
   在 System.Activator.CreateInstance[T]()
   在 LinqToDB.Data.DataConnection.<>c__111`1.<CreateDataProvider>b__111_0()
   在 System.Lazy`1.CreateValue()
   在 System.Lazy`1.LazyInitValue()
   在 System.Lazy`1.get_Value()
   在 LinqToDB.DataProvider.SQLite.SQLiteTools.GetDataProvider(String providerName)
   在 LinqToDB.DataProvider.SQLite.SQLiteTools.ProviderDetector(IConnectionStringSettings css, String connectionString)
   在 LinqToDB.Data.DataConnection.ConfigurationInfo.<>c__DisplayClass12_0.<GetDataProvider>b__0(Func`3 d)
   在 System.Linq.Enumerable.WhereSelectListIterator`2.MoveNext()
   在 System.Linq.Enumerable.FirstOrDefault[TSource](IEnumerable`1 source, Func`2 predicate)
   在 LinqToDB.Data.DataConnection.ConfigurationInfo.GetDataProvider(IConnectionStringSettings css, String connectionString)
   在 LinqToDB.Data.DataConnection.ConfigurationInfo.get_DataProvider()
   在 LinqToDB.Data.DataConnection..ctor(LinqToDBConnectionOptions options)
   在 LinqToDB.Data.DataConnection..ctor()
   在 ME.DB.MEDBDB..ctor() 位置 C:\ME.BioSoft\ME.DB\CopyMe.SQLite.generated.cs:行号 27
   在 ME.DB.PlatformActionDAL.SearchMany(Func`2 search) 位置 C:\ME.BioSoft\ME.DB\PlatformActionDAL.cs:行号 48
>>========================== 内部异常（InnerException）==========================
  >>异常消息（Message）：Cannot load assembly System.Data.SQLite
  >>异常来源（Source）：linq2db
  >>异常类型（ExceptionType）：System.InvalidOperationException
  >>原生异常类型（BaseExceptionType）：System.InvalidOperationException
  >>出错的方法签名（TargetSite）：LinqToDB.DataProvider.SQLite.SQLiteProviderAdapter CreateAdapter(System.String, System.String, System.String)
  >>堆栈信息（StackTrace）：
   在 LinqToDB.DataProvider.SQLite.SQLiteProviderAdapter.CreateAdapter(String assemblyName, String clientNamespace, String prefix)
   在 LinqToDB.DataProvider.SQLite.SQLiteProviderAdapter.GetInstance(String name)
   在 LinqToDB.DataProvider.SQLite.SQLiteDataProvider..ctor(String name, MappingSchema mappingSchema)
   在 LinqToDB.DataProvider.SQLite.SQLiteDataProviderClassic..ctor()

//==========================================================================================================
系统时间：11/16/2022 11:31:46  当前线程ID：1
日志等级：
日志内容：批量查询标定数据异常：调用的目标发生了异常。
异常信息：
  >>异常消息（Message）：调用的目标发生了异常。
  >>异常来源（Source）：mscorlib
  >>异常类型（ExceptionType）：System.Reflection.TargetInvocationException
  >>原生异常类型（BaseExceptionType）：System.InvalidOperationException
  >>出错的方法签名（TargetSite）：System.Object CreateInstance(System.RuntimeType, Boolean, Boolean, Boolean ByRef, System.RuntimeMethodHandleInternal ByRef, Boolean ByRef)
  >>堆栈信息（StackTrace）：
   在 System.RuntimeTypeHandle.CreateInstance(RuntimeType type, Boolean publicOnly, Boolean noCheck, Boolean& canBeCached, RuntimeMethodHandleInternal& ctor, Boolean& bNeedSecurityCheck)
   在 System.RuntimeType.CreateInstanceSlow(Boolean publicOnly, Boolean skipCheckThis, Boolean fillCache, StackCrawlMark& stackMark)
   在 System.RuntimeType.CreateInstanceDefaultCtor(Boolean publicOnly, Boolean skipCheckThis, Boolean fillCache, StackCrawlMark& stackMark)
   在 System.Activator.CreateInstance[T]()
   在 LinqToDB.Data.DataConnection.<>c__111`1.<CreateDataProvider>b__111_0()
   在 System.Lazy`1.CreateValue()
   在 System.Lazy`1.LazyInitValue()
   在 System.Lazy`1.get_Value()
   在 LinqToDB.DataProvider.SQLite.SQLiteTools.GetDataProvider(String providerName)
   在 LinqToDB.DataProvider.SQLite.SQLiteTools.ProviderDetector(IConnectionStringSettings css, String connectionString)
   在 LinqToDB.Data.DataConnection.ConfigurationInfo.<>c__DisplayClass12_0.<GetDataProvider>b__0(Func`3 d)
   在 System.Linq.Enumerable.WhereSelectListIterator`2.MoveNext()
   在 System.Linq.Enumerable.FirstOrDefault[TSource](IEnumerable`1 source, Func`2 predicate)
   在 LinqToDB.Data.DataConnection.ConfigurationInfo.GetDataProvider(IConnectionStringSettings css, String connectionString)
   在 LinqToDB.Data.DataConnection.ConfigurationInfo.get_DataProvider()
   在 LinqToDB.Data.DataConnection..ctor(LinqToDBConnectionOptions options)
   在 LinqToDB.Data.DataConnection..ctor()
   在 ME.DB.MEDBDB..ctor() 位置 C:\ME.BioSoft\ME.DB\CopyMe.SQLite.generated.cs:行号 27
   在 ME.DB.PlatformActionDAL.SearchMany(Func`2 search) 位置 C:\ME.BioSoft\ME.DB\PlatformActionDAL.cs:行号 48
>>========================== 内部异常（InnerException）==========================
  >>异常消息（Message）：Cannot load assembly System.Data.SQLite
  >>异常来源（Source）：linq2db
  >>异常类型（ExceptionType）：System.InvalidOperationException
  >>原生异常类型（BaseExceptionType）：System.InvalidOperationException
  >>出错的方法签名（TargetSite）：LinqToDB.DataProvider.SQLite.SQLiteProviderAdapter CreateAdapter(System.String, System.String, System.String)
  >>堆栈信息（StackTrace）：
   在 LinqToDB.DataProvider.SQLite.SQLiteProviderAdapter.CreateAdapter(String assemblyName, String clientNamespace, String prefix)
   在 LinqToDB.DataProvider.SQLite.SQLiteProviderAdapter.GetInstance(String name)
   在 LinqToDB.DataProvider.SQLite.SQLiteDataProvider..ctor(String name, MappingSchema mappingSchema)
   在 LinqToDB.DataProvider.SQLite.SQLiteDataProviderClassic..ctor()

//==========================================================================================================
系统时间：11/16/2022 11:32:30  当前线程ID：1
日志等级：
日志内容：批量查询标定数据异常：调用的目标发生了异常。
异常信息：
  >>异常消息（Message）：调用的目标发生了异常。
  >>异常来源（Source）：mscorlib
  >>异常类型（ExceptionType）：System.Reflection.TargetInvocationException
  >>原生异常类型（BaseExceptionType）：System.InvalidOperationException
  >>出错的方法签名（TargetSite）：System.Object CreateInstance(System.RuntimeType, Boolean, Boolean, Boolean ByRef, System.RuntimeMethodHandleInternal ByRef, Boolean ByRef)
  >>堆栈信息（StackTrace）：
   在 System.RuntimeTypeHandle.CreateInstance(RuntimeType type, Boolean publicOnly, Boolean noCheck, Boolean& canBeCached, RuntimeMethodHandleInternal& ctor, Boolean& bNeedSecurityCheck)
   在 System.RuntimeType.CreateInstanceSlow(Boolean publicOnly, Boolean skipCheckThis, Boolean fillCache, StackCrawlMark& stackMark)
   在 System.RuntimeType.CreateInstanceDefaultCtor(Boolean publicOnly, Boolean skipCheckThis, Boolean fillCache, StackCrawlMark& stackMark)
   在 System.Activator.CreateInstance[T]()
   在 LinqToDB.Data.DataConnection.<>c__111`1.<CreateDataProvider>b__111_0()
   在 System.Lazy`1.CreateValue()
   在 System.Lazy`1.LazyInitValue()
   在 System.Lazy`1.get_Value()
   在 LinqToDB.DataProvider.SQLite.SQLiteTools.GetDataProvider(String providerName)
   在 LinqToDB.DataProvider.SQLite.SQLiteTools.ProviderDetector(IConnectionStringSettings css, String connectionString)
   在 LinqToDB.Data.DataConnection.ConfigurationInfo.<>c__DisplayClass12_0.<GetDataProvider>b__0(Func`3 d)
   在 System.Linq.Enumerable.WhereSelectListIterator`2.MoveNext()
   在 System.Linq.Enumerable.FirstOrDefault[TSource](IEnumerable`1 source, Func`2 predicate)
   在 LinqToDB.Data.DataConnection.ConfigurationInfo.GetDataProvider(IConnectionStringSettings css, String connectionString)
   在 LinqToDB.Data.DataConnection.ConfigurationInfo.get_DataProvider()
   在 LinqToDB.Data.DataConnection..ctor(LinqToDBConnectionOptions options)
   在 LinqToDB.Data.DataConnection..ctor()
   在 ME.DB.MEDBDB..ctor() 位置 C:\ME.BioSoft\ME.DB\CopyMe.SQLite.generated.cs:行号 27
   在 ME.DB.PlatformActionDAL.SearchMany(Func`2 search) 位置 C:\ME.BioSoft\ME.DB\PlatformActionDAL.cs:行号 48
>>========================== 内部异常（InnerException）==========================
  >>异常消息（Message）：Cannot load assembly System.Data.SQLite
  >>异常来源（Source）：linq2db
  >>异常类型（ExceptionType）：System.InvalidOperationException
  >>原生异常类型（BaseExceptionType）：System.InvalidOperationException
  >>出错的方法签名（TargetSite）：LinqToDB.DataProvider.SQLite.SQLiteProviderAdapter CreateAdapter(System.String, System.String, System.String)
  >>堆栈信息（StackTrace）：
   在 LinqToDB.DataProvider.SQLite.SQLiteProviderAdapter.CreateAdapter(String assemblyName, String clientNamespace, String prefix)
   在 LinqToDB.DataProvider.SQLite.SQLiteProviderAdapter.GetInstance(String name)
   在 LinqToDB.DataProvider.SQLite.SQLiteDataProvider..ctor(String name, MappingSchema mappingSchema)
   在 LinqToDB.DataProvider.SQLite.SQLiteDataProviderClassic..ctor()

//==========================================================================================================
系统时间：11/16/2022 11:34:48  当前线程ID：1
日志等级：
日志内容：批量查询标定数据异常：调用的目标发生了异常。
异常信息：
  >>异常消息（Message）：调用的目标发生了异常。
  >>异常来源（Source）：mscorlib
  >>异常类型（ExceptionType）：System.Reflection.TargetInvocationException
  >>原生异常类型（BaseExceptionType）：System.InvalidOperationException
  >>出错的方法签名（TargetSite）：System.Object CreateInstance(System.RuntimeType, Boolean, Boolean, Boolean ByRef, System.RuntimeMethodHandleInternal ByRef, Boolean ByRef)
  >>堆栈信息（StackTrace）：
   在 System.RuntimeTypeHandle.CreateInstance(RuntimeType type, Boolean publicOnly, Boolean noCheck, Boolean& canBeCached, RuntimeMethodHandleInternal& ctor, Boolean& bNeedSecurityCheck)
   在 System.RuntimeType.CreateInstanceSlow(Boolean publicOnly, Boolean skipCheckThis, Boolean fillCache, StackCrawlMark& stackMark)
   在 System.RuntimeType.CreateInstanceDefaultCtor(Boolean publicOnly, Boolean skipCheckThis, Boolean fillCache, StackCrawlMark& stackMark)
   在 System.Activator.CreateInstance[T]()
   在 LinqToDB.Data.DataConnection.<>c__111`1.<CreateDataProvider>b__111_0()
   在 System.Lazy`1.CreateValue()
   在 System.Lazy`1.LazyInitValue()
   在 System.Lazy`1.get_Value()
   在 LinqToDB.DataProvider.SQLite.SQLiteTools.GetDataProvider(String providerName)
   在 LinqToDB.DataProvider.SQLite.SQLiteTools.ProviderDetector(IConnectionStringSettings css, String connectionString)
   在 LinqToDB.Data.DataConnection.ConfigurationInfo.<>c__DisplayClass12_0.<GetDataProvider>b__0(Func`3 d)
   在 System.Linq.Enumerable.WhereSelectListIterator`2.MoveNext()
   在 System.Linq.Enumerable.FirstOrDefault[TSource](IEnumerable`1 source, Func`2 predicate)
   在 LinqToDB.Data.DataConnection.ConfigurationInfo.GetDataProvider(IConnectionStringSettings css, String connectionString)
   在 LinqToDB.Data.DataConnection.ConfigurationInfo.get_DataProvider()
   在 LinqToDB.Data.DataConnection..ctor(LinqToDBConnectionOptions options)
   在 LinqToDB.Data.DataConnection..ctor()
   在 ME.DB.MEDBDB..ctor() 位置 C:\ME.BioSoft\ME.DB\CopyMe.SQLite.generated.cs:行号 27
   在 ME.DB.PlatformActionDAL.SearchMany(Func`2 search) 位置 C:\ME.BioSoft\ME.DB\PlatformActionDAL.cs:行号 48
>>========================== 内部异常（InnerException）==========================
  >>异常消息（Message）：Cannot load assembly System.Data.SQLite
  >>异常来源（Source）：linq2db
  >>异常类型（ExceptionType）：System.InvalidOperationException
  >>原生异常类型（BaseExceptionType）：System.InvalidOperationException
  >>出错的方法签名（TargetSite）：LinqToDB.DataProvider.SQLite.SQLiteProviderAdapter CreateAdapter(System.String, System.String, System.String)
  >>堆栈信息（StackTrace）：
   在 LinqToDB.DataProvider.SQLite.SQLiteProviderAdapter.CreateAdapter(String assemblyName, String clientNamespace, String prefix)
   在 LinqToDB.DataProvider.SQLite.SQLiteProviderAdapter.GetInstance(String name)
   在 LinqToDB.DataProvider.SQLite.SQLiteDataProvider..ctor(String name, MappingSchema mappingSchema)
   在 LinqToDB.DataProvider.SQLite.SQLiteDataProviderClassic..ctor()

//==========================================================================================================
系统时间：11/16/2022 11:35:38  当前线程ID：1
日志等级：
日志内容：批量查询标定数据异常：调用的目标发生了异常。
异常信息：
  >>异常消息（Message）：调用的目标发生了异常。
  >>异常来源（Source）：mscorlib
  >>异常类型（ExceptionType）：System.Reflection.TargetInvocationException
  >>原生异常类型（BaseExceptionType）：System.InvalidOperationException
  >>出错的方法签名（TargetSite）：System.Object CreateInstance(System.RuntimeType, Boolean, Boolean, Boolean ByRef, System.RuntimeMethodHandleInternal ByRef, Boolean ByRef)
  >>堆栈信息（StackTrace）：
   在 System.RuntimeTypeHandle.CreateInstance(RuntimeType type, Boolean publicOnly, Boolean noCheck, Boolean& canBeCached, RuntimeMethodHandleInternal& ctor, Boolean& bNeedSecurityCheck)
   在 System.RuntimeType.CreateInstanceSlow(Boolean publicOnly, Boolean skipCheckThis, Boolean fillCache, StackCrawlMark& stackMark)
   在 System.RuntimeType.CreateInstanceDefaultCtor(Boolean publicOnly, Boolean skipCheckThis, Boolean fillCache, StackCrawlMark& stackMark)
   在 System.Activator.CreateInstance[T]()
   在 LinqToDB.Data.DataConnection.<>c__111`1.<CreateDataProvider>b__111_0()
   在 System.Lazy`1.CreateValue()
   在 System.Lazy`1.LazyInitValue()
   在 System.Lazy`1.get_Value()
   在 LinqToDB.DataProvider.SQLite.SQLiteTools.GetDataProvider(String providerName)
   在 LinqToDB.DataProvider.SQLite.SQLiteTools.ProviderDetector(IConnectionStringSettings css, String connectionString)
   在 LinqToDB.Data.DataConnection.ConfigurationInfo.<>c__DisplayClass12_0.<GetDataProvider>b__0(Func`3 d)
   在 System.Linq.Enumerable.WhereSelectListIterator`2.MoveNext()
   在 System.Linq.Enumerable.FirstOrDefault[TSource](IEnumerable`1 source, Func`2 predicate)
   在 LinqToDB.Data.DataConnection.ConfigurationInfo.GetDataProvider(IConnectionStringSettings css, String connectionString)
   在 LinqToDB.Data.DataConnection.ConfigurationInfo.get_DataProvider()
   在 LinqToDB.Data.DataConnection..ctor(LinqToDBConnectionOptions options)
   在 LinqToDB.Data.DataConnection..ctor()
   在 ME.DB.MEDBDB..ctor() 位置 C:\ME.BioSoft\ME.DB\CopyMe.SQLite.generated.cs:行号 27
   在 ME.DB.PlatformActionDAL.SearchMany(Func`2 search) 位置 C:\ME.BioSoft\ME.DB\PlatformActionDAL.cs:行号 48
>>========================== 内部异常（InnerException）==========================
  >>异常消息（Message）：Cannot load assembly System.Data.SQLite
  >>异常来源（Source）：linq2db
  >>异常类型（ExceptionType）：System.InvalidOperationException
  >>原生异常类型（BaseExceptionType）：System.InvalidOperationException
  >>出错的方法签名（TargetSite）：LinqToDB.DataProvider.SQLite.SQLiteProviderAdapter CreateAdapter(System.String, System.String, System.String)
  >>堆栈信息（StackTrace）：
   在 LinqToDB.DataProvider.SQLite.SQLiteProviderAdapter.CreateAdapter(String assemblyName, String clientNamespace, String prefix)
   在 LinqToDB.DataProvider.SQLite.SQLiteProviderAdapter.GetInstance(String name)
   在 LinqToDB.DataProvider.SQLite.SQLiteDataProvider..ctor(String name, MappingSchema mappingSchema)
   在 LinqToDB.DataProvider.SQLite.SQLiteDataProviderClassic..ctor()

//==========================================================================================================
系统时间：11/16/2022 13:13:01  当前线程ID：1
日志等级：
日志内容：批量查询标定数据异常：调用的目标发生了异常。
异常信息：
  >>异常消息（Message）：调用的目标发生了异常。
  >>异常来源（Source）：mscorlib
  >>异常类型（ExceptionType）：System.Reflection.TargetInvocationException
  >>原生异常类型（BaseExceptionType）：System.InvalidOperationException
  >>出错的方法签名（TargetSite）：System.Object CreateInstance(System.RuntimeType, Boolean, Boolean, Boolean ByRef, System.RuntimeMethodHandleInternal ByRef, Boolean ByRef)
  >>堆栈信息（StackTrace）：
   在 System.RuntimeTypeHandle.CreateInstance(RuntimeType type, Boolean publicOnly, Boolean noCheck, Boolean& canBeCached, RuntimeMethodHandleInternal& ctor, Boolean& bNeedSecurityCheck)
   在 System.RuntimeType.CreateInstanceSlow(Boolean publicOnly, Boolean skipCheckThis, Boolean fillCache, StackCrawlMark& stackMark)
   在 System.RuntimeType.CreateInstanceDefaultCtor(Boolean publicOnly, Boolean skipCheckThis, Boolean fillCache, StackCrawlMark& stackMark)
   在 System.Activator.CreateInstance[T]()
   在 LinqToDB.Data.DataConnection.<>c__111`1.<CreateDataProvider>b__111_0()
   在 System.Lazy`1.CreateValue()
   在 System.Lazy`1.LazyInitValue()
   在 System.Lazy`1.get_Value()
   在 LinqToDB.DataProvider.SQLite.SQLiteTools.GetDataProvider(String providerName)
   在 LinqToDB.DataProvider.SQLite.SQLiteTools.ProviderDetector(IConnectionStringSettings css, String connectionString)
   在 LinqToDB.Data.DataConnection.ConfigurationInfo.<>c__DisplayClass12_0.<GetDataProvider>b__0(Func`3 d)
   在 System.Linq.Enumerable.WhereSelectListIterator`2.MoveNext()
   在 System.Linq.Enumerable.FirstOrDefault[TSource](IEnumerable`1 source, Func`2 predicate)
   在 LinqToDB.Data.DataConnection.ConfigurationInfo.GetDataProvider(IConnectionStringSettings css, String connectionString)
   在 LinqToDB.Data.DataConnection.ConfigurationInfo.get_DataProvider()
   在 LinqToDB.Data.DataConnection..ctor(LinqToDBConnectionOptions options)
   在 LinqToDB.Data.DataConnection..ctor()
   在 ME.DB.MEDBDB..ctor() 位置 C:\ME.BioSoft\ME.DB\CopyMe.SQLite.generated.cs:行号 27
   在 ME.DB.PlatformActionDAL.SearchMany(Func`2 search) 位置 C:\ME.BioSoft\ME.DB\PlatformActionDAL.cs:行号 48
>>========================== 内部异常（InnerException）==========================
  >>异常消息（Message）：Cannot load assembly System.Data.SQLite
  >>异常来源（Source）：linq2db
  >>异常类型（ExceptionType）：System.InvalidOperationException
  >>原生异常类型（BaseExceptionType）：System.InvalidOperationException
  >>出错的方法签名（TargetSite）：LinqToDB.DataProvider.SQLite.SQLiteProviderAdapter CreateAdapter(System.String, System.String, System.String)
  >>堆栈信息（StackTrace）：
   在 LinqToDB.DataProvider.SQLite.SQLiteProviderAdapter.CreateAdapter(String assemblyName, String clientNamespace, String prefix)
   在 LinqToDB.DataProvider.SQLite.SQLiteProviderAdapter.GetInstance(String name)
   在 LinqToDB.DataProvider.SQLite.SQLiteDataProvider..ctor(String name, MappingSchema mappingSchema)
   在 LinqToDB.DataProvider.SQLite.SQLiteDataProviderClassic..ctor()

//==========================================================================================================
系统时间：11/16/2022 13:35:27  当前线程ID：1
日志等级：
日志内容：批量查询标定数据异常：调用的目标发生了异常。
异常信息：
  >>异常消息（Message）：调用的目标发生了异常。
  >>异常来源（Source）：mscorlib
  >>异常类型（ExceptionType）：System.Reflection.TargetInvocationException
  >>原生异常类型（BaseExceptionType）：System.InvalidOperationException
  >>出错的方法签名（TargetSite）：System.Object CreateInstance(System.RuntimeType, Boolean, Boolean, Boolean ByRef, System.RuntimeMethodHandleInternal ByRef, Boolean ByRef)
  >>堆栈信息（StackTrace）：
   在 System.RuntimeTypeHandle.CreateInstance(RuntimeType type, Boolean publicOnly, Boolean noCheck, Boolean& canBeCached, RuntimeMethodHandleInternal& ctor, Boolean& bNeedSecurityCheck)
   在 System.RuntimeType.CreateInstanceSlow(Boolean publicOnly, Boolean skipCheckThis, Boolean fillCache, StackCrawlMark& stackMark)
   在 System.RuntimeType.CreateInstanceDefaultCtor(Boolean publicOnly, Boolean skipCheckThis, Boolean fillCache, StackCrawlMark& stackMark)
   在 System.Activator.CreateInstance[T]()
   在 LinqToDB.Data.DataConnection.<>c__111`1.<CreateDataProvider>b__111_0()
   在 System.Lazy`1.CreateValue()
   在 System.Lazy`1.LazyInitValue()
   在 System.Lazy`1.get_Value()
   在 LinqToDB.DataProvider.SQLite.SQLiteTools.GetDataProvider(String providerName)
   在 LinqToDB.DataProvider.SQLite.SQLiteTools.ProviderDetector(IConnectionStringSettings css, String connectionString)
   在 LinqToDB.Data.DataConnection.ConfigurationInfo.<>c__DisplayClass12_0.<GetDataProvider>b__0(Func`3 d)
   在 System.Linq.Enumerable.WhereSelectListIterator`2.MoveNext()
   在 System.Linq.Enumerable.FirstOrDefault[TSource](IEnumerable`1 source, Func`2 predicate)
   在 LinqToDB.Data.DataConnection.ConfigurationInfo.GetDataProvider(IConnectionStringSettings css, String connectionString)
   在 LinqToDB.Data.DataConnection.ConfigurationInfo.get_DataProvider()
   在 LinqToDB.Data.DataConnection..ctor(LinqToDBConnectionOptions options)
   在 LinqToDB.Data.DataConnection..ctor()
   在 ME.DB.MEDBDB..ctor() 位置 C:\ME.BioSoft\ME.DB\CopyMe.SQLite.generated.cs:行号 27
   在 ME.DB.PlatformActionDAL.SearchMany(Func`2 search) 位置 C:\ME.BioSoft\ME.DB\PlatformActionDAL.cs:行号 48
>>========================== 内部异常（InnerException）==========================
  >>异常消息（Message）：Cannot load assembly System.Data.SQLite
  >>异常来源（Source）：linq2db
  >>异常类型（ExceptionType）：System.InvalidOperationException
  >>原生异常类型（BaseExceptionType）：System.InvalidOperationException
  >>出错的方法签名（TargetSite）：LinqToDB.DataProvider.SQLite.SQLiteProviderAdapter CreateAdapter(System.String, System.String, System.String)
  >>堆栈信息（StackTrace）：
   在 LinqToDB.DataProvider.SQLite.SQLiteProviderAdapter.CreateAdapter(String assemblyName, String clientNamespace, String prefix)
   在 LinqToDB.DataProvider.SQLite.SQLiteProviderAdapter.GetInstance(String name)
   在 LinqToDB.DataProvider.SQLite.SQLiteDataProvider..ctor(String name, MappingSchema mappingSchema)
   在 LinqToDB.DataProvider.SQLite.SQLiteDataProviderClassic..ctor()

//==========================================================================================================
系统时间：11/16/2022 13:39:13  当前线程ID：1
日志等级：
日志内容：批量查询标定数据异常：调用的目标发生了异常。
异常信息：
  >>异常消息（Message）：调用的目标发生了异常。
  >>异常来源（Source）：mscorlib
  >>异常类型（ExceptionType）：System.Reflection.TargetInvocationException
  >>原生异常类型（BaseExceptionType）：System.InvalidOperationException
  >>出错的方法签名（TargetSite）：System.Object CreateInstance(System.RuntimeType, Boolean, Boolean, Boolean ByRef, System.RuntimeMethodHandleInternal ByRef, Boolean ByRef)
  >>堆栈信息（StackTrace）：
   在 System.RuntimeTypeHandle.CreateInstance(RuntimeType type, Boolean publicOnly, Boolean noCheck, Boolean& canBeCached, RuntimeMethodHandleInternal& ctor, Boolean& bNeedSecurityCheck)
   在 System.RuntimeType.CreateInstanceSlow(Boolean publicOnly, Boolean skipCheckThis, Boolean fillCache, StackCrawlMark& stackMark)
   在 System.RuntimeType.CreateInstanceDefaultCtor(Boolean publicOnly, Boolean skipCheckThis, Boolean fillCache, StackCrawlMark& stackMark)
   在 System.Activator.CreateInstance[T]()
   在 LinqToDB.Data.DataConnection.<>c__111`1.<CreateDataProvider>b__111_0()
   在 System.Lazy`1.CreateValue()
   在 System.Lazy`1.LazyInitValue()
   在 System.Lazy`1.get_Value()
   在 LinqToDB.DataProvider.SQLite.SQLiteTools.GetDataProvider(String providerName)
   在 LinqToDB.DataProvider.SQLite.SQLiteTools.ProviderDetector(IConnectionStringSettings css, String connectionString)
   在 LinqToDB.Data.DataConnection.ConfigurationInfo.<>c__DisplayClass12_0.<GetDataProvider>b__0(Func`3 d)
   在 System.Linq.Enumerable.WhereSelectListIterator`2.MoveNext()
   在 System.Linq.Enumerable.FirstOrDefault[TSource](IEnumerable`1 source, Func`2 predicate)
   在 LinqToDB.Data.DataConnection.ConfigurationInfo.GetDataProvider(IConnectionStringSettings css, String connectionString)
   在 LinqToDB.Data.DataConnection.ConfigurationInfo.get_DataProvider()
   在 LinqToDB.Data.DataConnection..ctor(LinqToDBConnectionOptions options)
   在 LinqToDB.Data.DataConnection..ctor()
   在 ME.DB.MEDBDB..ctor() 位置 C:\ME.BioSoft\ME.DB\CopyMe.SQLite.generated.cs:行号 27
   在 ME.DB.PlatformActionDAL.SearchMany(Func`2 search) 位置 C:\ME.BioSoft\ME.DB\PlatformActionDAL.cs:行号 48
>>========================== 内部异常（InnerException）==========================
  >>异常消息（Message）：Cannot load assembly System.Data.SQLite
  >>异常来源（Source）：linq2db
  >>异常类型（ExceptionType）：System.InvalidOperationException
  >>原生异常类型（BaseExceptionType）：System.InvalidOperationException
  >>出错的方法签名（TargetSite）：LinqToDB.DataProvider.SQLite.SQLiteProviderAdapter CreateAdapter(System.String, System.String, System.String)
  >>堆栈信息（StackTrace）：
   在 LinqToDB.DataProvider.SQLite.SQLiteProviderAdapter.CreateAdapter(String assemblyName, String clientNamespace, String prefix)
   在 LinqToDB.DataProvider.SQLite.SQLiteProviderAdapter.GetInstance(String name)
   在 LinqToDB.DataProvider.SQLite.SQLiteDataProvider..ctor(String name, MappingSchema mappingSchema)
   在 LinqToDB.DataProvider.SQLite.SQLiteDataProviderClassic..ctor()

//==========================================================================================================
系统时间：11/16/2022 13:40:27  当前线程ID：1
日志等级：
日志内容：批量查询标定数据异常：调用的目标发生了异常。
异常信息：
  >>异常消息（Message）：调用的目标发生了异常。
  >>异常来源（Source）：mscorlib
  >>异常类型（ExceptionType）：System.Reflection.TargetInvocationException
  >>原生异常类型（BaseExceptionType）：System.InvalidOperationException
  >>出错的方法签名（TargetSite）：System.Object CreateInstance(System.RuntimeType, Boolean, Boolean, Boolean ByRef, System.RuntimeMethodHandleInternal ByRef, Boolean ByRef)
  >>堆栈信息（StackTrace）：
   在 System.RuntimeTypeHandle.CreateInstance(RuntimeType type, Boolean publicOnly, Boolean noCheck, Boolean& canBeCached, RuntimeMethodHandleInternal& ctor, Boolean& bNeedSecurityCheck)
   在 System.RuntimeType.CreateInstanceSlow(Boolean publicOnly, Boolean skipCheckThis, Boolean fillCache, StackCrawlMark& stackMark)
   在 System.RuntimeType.CreateInstanceDefaultCtor(Boolean publicOnly, Boolean skipCheckThis, Boolean fillCache, StackCrawlMark& stackMark)
   在 System.Activator.CreateInstance[T]()
   在 LinqToDB.Data.DataConnection.<>c__111`1.<CreateDataProvider>b__111_0()
   在 System.Lazy`1.CreateValue()
   在 System.Lazy`1.LazyInitValue()
   在 System.Lazy`1.get_Value()
   在 LinqToDB.DataProvider.SQLite.SQLiteTools.GetDataProvider(String providerName)
   在 LinqToDB.DataProvider.SQLite.SQLiteTools.ProviderDetector(IConnectionStringSettings css, String connectionString)
   在 LinqToDB.Data.DataConnection.ConfigurationInfo.<>c__DisplayClass12_0.<GetDataProvider>b__0(Func`3 d)
   在 System.Linq.Enumerable.WhereSelectListIterator`2.MoveNext()
   在 System.Linq.Enumerable.FirstOrDefault[TSource](IEnumerable`1 source, Func`2 predicate)
   在 LinqToDB.Data.DataConnection.ConfigurationInfo.GetDataProvider(IConnectionStringSettings css, String connectionString)
   在 LinqToDB.Data.DataConnection.ConfigurationInfo.get_DataProvider()
   在 LinqToDB.Data.DataConnection..ctor(LinqToDBConnectionOptions options)
   在 LinqToDB.Data.DataConnection..ctor()
   在 ME.DB.MEDBDB..ctor() 位置 C:\ME.BioSoft\ME.DB\CopyMe.SQLite.generated.cs:行号 27
   在 ME.DB.PlatformActionDAL.SearchMany(Func`2 search) 位置 C:\ME.BioSoft\ME.DB\PlatformActionDAL.cs:行号 48
>>========================== 内部异常（InnerException）==========================
  >>异常消息（Message）：Cannot load assembly System.Data.SQLite
  >>异常来源（Source）：linq2db
  >>异常类型（ExceptionType）：System.InvalidOperationException
  >>原生异常类型（BaseExceptionType）：System.InvalidOperationException
  >>出错的方法签名（TargetSite）：LinqToDB.DataProvider.SQLite.SQLiteProviderAdapter CreateAdapter(System.String, System.String, System.String)
  >>堆栈信息（StackTrace）：
   在 LinqToDB.DataProvider.SQLite.SQLiteProviderAdapter.CreateAdapter(String assemblyName, String clientNamespace, String prefix)
   在 LinqToDB.DataProvider.SQLite.SQLiteProviderAdapter.GetInstance(String name)
   在 LinqToDB.DataProvider.SQLite.SQLiteDataProvider..ctor(String name, MappingSchema mappingSchema)
   在 LinqToDB.DataProvider.SQLite.SQLiteDataProviderClassic..ctor()

//==========================================================================================================
系统时间：11/16/2022 13:42:54  当前线程ID：1
日志等级：
日志内容：批量查询标定数据异常：调用的目标发生了异常。
异常信息：
  >>异常消息（Message）：调用的目标发生了异常。
  >>异常来源（Source）：mscorlib
  >>异常类型（ExceptionType）：System.Reflection.TargetInvocationException
  >>原生异常类型（BaseExceptionType）：System.InvalidOperationException
  >>出错的方法签名（TargetSite）：System.Object CreateInstance(System.RuntimeType, Boolean, Boolean, Boolean ByRef, System.RuntimeMethodHandleInternal ByRef, Boolean ByRef)
  >>堆栈信息（StackTrace）：
   在 System.RuntimeTypeHandle.CreateInstance(RuntimeType type, Boolean publicOnly, Boolean noCheck, Boolean& canBeCached, RuntimeMethodHandleInternal& ctor, Boolean& bNeedSecurityCheck)
   在 System.RuntimeType.CreateInstanceSlow(Boolean publicOnly, Boolean skipCheckThis, Boolean fillCache, StackCrawlMark& stackMark)
   在 System.RuntimeType.CreateInstanceDefaultCtor(Boolean publicOnly, Boolean skipCheckThis, Boolean fillCache, StackCrawlMark& stackMark)
   在 System.Activator.CreateInstance[T]()
   在 LinqToDB.Data.DataConnection.<>c__111`1.<CreateDataProvider>b__111_0()
   在 System.Lazy`1.CreateValue()
   在 System.Lazy`1.LazyInitValue()
   在 System.Lazy`1.get_Value()
   在 LinqToDB.DataProvider.SQLite.SQLiteTools.GetDataProvider(String providerName)
   在 LinqToDB.DataProvider.SQLite.SQLiteTools.ProviderDetector(IConnectionStringSettings css, String connectionString)
   在 LinqToDB.Data.DataConnection.ConfigurationInfo.<>c__DisplayClass12_0.<GetDataProvider>b__0(Func`3 d)
   在 System.Linq.Enumerable.WhereSelectListIterator`2.MoveNext()
   在 System.Linq.Enumerable.FirstOrDefault[TSource](IEnumerable`1 source, Func`2 predicate)
   在 LinqToDB.Data.DataConnection.ConfigurationInfo.GetDataProvider(IConnectionStringSettings css, String connectionString)
   在 LinqToDB.Data.DataConnection.ConfigurationInfo.get_DataProvider()
   在 LinqToDB.Data.DataConnection..ctor(LinqToDBConnectionOptions options)
   在 LinqToDB.Data.DataConnection..ctor()
   在 ME.DB.MEDBDB..ctor() 位置 C:\ME.BioSoft\ME.DB\CopyMe.SQLite.generated.cs:行号 27
   在 ME.DB.PlatformActionDAL.SearchMany(Func`2 search) 位置 C:\ME.BioSoft\ME.DB\PlatformActionDAL.cs:行号 48
>>========================== 内部异常（InnerException）==========================
  >>异常消息（Message）：Cannot load assembly System.Data.SQLite
  >>异常来源（Source）：linq2db
  >>异常类型（ExceptionType）：System.InvalidOperationException
  >>原生异常类型（BaseExceptionType）：System.InvalidOperationException
  >>出错的方法签名（TargetSite）：LinqToDB.DataProvider.SQLite.SQLiteProviderAdapter CreateAdapter(System.String, System.String, System.String)
  >>堆栈信息（StackTrace）：
   在 LinqToDB.DataProvider.SQLite.SQLiteProviderAdapter.CreateAdapter(String assemblyName, String clientNamespace, String prefix)
   在 LinqToDB.DataProvider.SQLite.SQLiteProviderAdapter.GetInstance(String name)
   在 LinqToDB.DataProvider.SQLite.SQLiteDataProvider..ctor(String name, MappingSchema mappingSchema)
   在 LinqToDB.DataProvider.SQLite.SQLiteDataProviderClassic..ctor()

//==========================================================================================================
系统时间：11/16/2022 13:46:13  当前线程ID：1
日志等级：
日志内容：批量查询标定数据异常：调用的目标发生了异常。
异常信息：
  >>异常消息（Message）：调用的目标发生了异常。
  >>异常来源（Source）：mscorlib
  >>异常类型（ExceptionType）：System.Reflection.TargetInvocationException
  >>原生异常类型（BaseExceptionType）：System.InvalidOperationException
  >>出错的方法签名（TargetSite）：System.Object CreateInstance(System.RuntimeType, Boolean, Boolean, Boolean ByRef, System.RuntimeMethodHandleInternal ByRef, Boolean ByRef)
  >>堆栈信息（StackTrace）：
   在 System.RuntimeTypeHandle.CreateInstance(RuntimeType type, Boolean publicOnly, Boolean noCheck, Boolean& canBeCached, RuntimeMethodHandleInternal& ctor, Boolean& bNeedSecurityCheck)
   在 System.RuntimeType.CreateInstanceSlow(Boolean publicOnly, Boolean skipCheckThis, Boolean fillCache, StackCrawlMark& stackMark)
   在 System.RuntimeType.CreateInstanceDefaultCtor(Boolean publicOnly, Boolean skipCheckThis, Boolean fillCache, StackCrawlMark& stackMark)
   在 System.Activator.CreateInstance[T]()
   在 LinqToDB.Data.DataConnection.<>c__111`1.<CreateDataProvider>b__111_0()
   在 System.Lazy`1.CreateValue()
   在 System.Lazy`1.LazyInitValue()
   在 System.Lazy`1.get_Value()
   在 LinqToDB.DataProvider.SQLite.SQLiteTools.GetDataProvider(String providerName)
   在 LinqToDB.DataProvider.SQLite.SQLiteTools.ProviderDetector(IConnectionStringSettings css, String connectionString)
   在 LinqToDB.Data.DataConnection.ConfigurationInfo.<>c__DisplayClass12_0.<GetDataProvider>b__0(Func`3 d)
   在 System.Linq.Enumerable.WhereSelectListIterator`2.MoveNext()
   在 System.Linq.Enumerable.FirstOrDefault[TSource](IEnumerable`1 source, Func`2 predicate)
   在 LinqToDB.Data.DataConnection.ConfigurationInfo.GetDataProvider(IConnectionStringSettings css, String connectionString)
   在 LinqToDB.Data.DataConnection.ConfigurationInfo.get_DataProvider()
   在 LinqToDB.Data.DataConnection..ctor(LinqToDBConnectionOptions options)
   在 LinqToDB.Data.DataConnection..ctor()
   在 ME.DB.MEDBDB..ctor() 位置 C:\ME.BioSoft\ME.DB\CopyMe.SQLite.generated.cs:行号 27
   在 ME.DB.PlatformActionDAL.SearchMany(Func`2 search) 位置 C:\ME.BioSoft\ME.DB\PlatformActionDAL.cs:行号 48
>>========================== 内部异常（InnerException）==========================
  >>异常消息（Message）：Cannot load assembly System.Data.SQLite
  >>异常来源（Source）：linq2db
  >>异常类型（ExceptionType）：System.InvalidOperationException
  >>原生异常类型（BaseExceptionType）：System.InvalidOperationException
  >>出错的方法签名（TargetSite）：LinqToDB.DataProvider.SQLite.SQLiteProviderAdapter CreateAdapter(System.String, System.String, System.String)
  >>堆栈信息（StackTrace）：
   在 LinqToDB.DataProvider.SQLite.SQLiteProviderAdapter.CreateAdapter(String assemblyName, String clientNamespace, String prefix)
   在 LinqToDB.DataProvider.SQLite.SQLiteProviderAdapter.GetInstance(String name)
   在 LinqToDB.DataProvider.SQLite.SQLiteDataProvider..ctor(String name, MappingSchema mappingSchema)
   在 LinqToDB.DataProvider.SQLite.SQLiteDataProviderClassic..ctor()

//==========================================================================================================
系统时间：11/16/2022 13:47:16  当前线程ID：1
日志等级：
日志内容：批量查询标定数据异常：调用的目标发生了异常。
异常信息：
  >>异常消息（Message）：调用的目标发生了异常。
  >>异常来源（Source）：mscorlib
  >>异常类型（ExceptionType）：System.Reflection.TargetInvocationException
  >>原生异常类型（BaseExceptionType）：System.InvalidOperationException
  >>出错的方法签名（TargetSite）：System.Object CreateInstance(System.RuntimeType, Boolean, Boolean, Boolean ByRef, System.RuntimeMethodHandleInternal ByRef, Boolean ByRef)
  >>堆栈信息（StackTrace）：
   在 System.RuntimeTypeHandle.CreateInstance(RuntimeType type, Boolean publicOnly, Boolean noCheck, Boolean& canBeCached, RuntimeMethodHandleInternal& ctor, Boolean& bNeedSecurityCheck)
   在 System.RuntimeType.CreateInstanceSlow(Boolean publicOnly, Boolean skipCheckThis, Boolean fillCache, StackCrawlMark& stackMark)
   在 System.RuntimeType.CreateInstanceDefaultCtor(Boolean publicOnly, Boolean skipCheckThis, Boolean fillCache, StackCrawlMark& stackMark)
   在 System.Activator.CreateInstance[T]()
   在 LinqToDB.Data.DataConnection.<>c__111`1.<CreateDataProvider>b__111_0()
   在 System.Lazy`1.CreateValue()
   在 System.Lazy`1.LazyInitValue()
   在 System.Lazy`1.get_Value()
   在 LinqToDB.DataProvider.SQLite.SQLiteTools.GetDataProvider(String providerName)
   在 LinqToDB.DataProvider.SQLite.SQLiteTools.ProviderDetector(IConnectionStringSettings css, String connectionString)
   在 LinqToDB.Data.DataConnection.ConfigurationInfo.<>c__DisplayClass12_0.<GetDataProvider>b__0(Func`3 d)
   在 System.Linq.Enumerable.WhereSelectListIterator`2.MoveNext()
   在 System.Linq.Enumerable.FirstOrDefault[TSource](IEnumerable`1 source, Func`2 predicate)
   在 LinqToDB.Data.DataConnection.ConfigurationInfo.GetDataProvider(IConnectionStringSettings css, String connectionString)
   在 LinqToDB.Data.DataConnection.ConfigurationInfo.get_DataProvider()
   在 LinqToDB.Data.DataConnection..ctor(LinqToDBConnectionOptions options)
   在 LinqToDB.Data.DataConnection..ctor()
   在 ME.DB.MEDBDB..ctor() 位置 C:\ME.BioSoft\ME.DB\CopyMe.SQLite.generated.cs:行号 27
   在 ME.DB.PlatformActionDAL.SearchMany(Func`2 search) 位置 C:\ME.BioSoft\ME.DB\PlatformActionDAL.cs:行号 48
>>========================== 内部异常（InnerException）==========================
  >>异常消息（Message）：Cannot load assembly System.Data.SQLite
  >>异常来源（Source）：linq2db
  >>异常类型（ExceptionType）：System.InvalidOperationException
  >>原生异常类型（BaseExceptionType）：System.InvalidOperationException
  >>出错的方法签名（TargetSite）：LinqToDB.DataProvider.SQLite.SQLiteProviderAdapter CreateAdapter(System.String, System.String, System.String)
  >>堆栈信息（StackTrace）：
   在 LinqToDB.DataProvider.SQLite.SQLiteProviderAdapter.CreateAdapter(String assemblyName, String clientNamespace, String prefix)
   在 LinqToDB.DataProvider.SQLite.SQLiteProviderAdapter.GetInstance(String name)
   在 LinqToDB.DataProvider.SQLite.SQLiteDataProvider..ctor(String name, MappingSchema mappingSchema)
   在 LinqToDB.DataProvider.SQLite.SQLiteDataProviderClassic..ctor()

//==========================================================================================================
系统时间：11/16/2022 13:47:47  当前线程ID：1
日志等级：
日志内容：批量查询标定数据异常：调用的目标发生了异常。
异常信息：
  >>异常消息（Message）：调用的目标发生了异常。
  >>异常来源（Source）：mscorlib
  >>异常类型（ExceptionType）：System.Reflection.TargetInvocationException
  >>原生异常类型（BaseExceptionType）：System.InvalidOperationException
  >>出错的方法签名（TargetSite）：System.Object CreateInstance(System.RuntimeType, Boolean, Boolean, Boolean ByRef, System.RuntimeMethodHandleInternal ByRef, Boolean ByRef)
  >>堆栈信息（StackTrace）：
   在 System.RuntimeTypeHandle.CreateInstance(RuntimeType type, Boolean publicOnly, Boolean noCheck, Boolean& canBeCached, RuntimeMethodHandleInternal& ctor, Boolean& bNeedSecurityCheck)
   在 System.RuntimeType.CreateInstanceSlow(Boolean publicOnly, Boolean skipCheckThis, Boolean fillCache, StackCrawlMark& stackMark)
   在 System.RuntimeType.CreateInstanceDefaultCtor(Boolean publicOnly, Boolean skipCheckThis, Boolean fillCache, StackCrawlMark& stackMark)
   在 System.Activator.CreateInstance[T]()
   在 LinqToDB.Data.DataConnection.<>c__111`1.<CreateDataProvider>b__111_0()
   在 System.Lazy`1.CreateValue()
   在 System.Lazy`1.LazyInitValue()
   在 System.Lazy`1.get_Value()
   在 LinqToDB.DataProvider.SQLite.SQLiteTools.GetDataProvider(String providerName)
   在 LinqToDB.DataProvider.SQLite.SQLiteTools.ProviderDetector(IConnectionStringSettings css, String connectionString)
   在 LinqToDB.Data.DataConnection.ConfigurationInfo.<>c__DisplayClass12_0.<GetDataProvider>b__0(Func`3 d)
   在 System.Linq.Enumerable.WhereSelectListIterator`2.MoveNext()
   在 System.Linq.Enumerable.FirstOrDefault[TSource](IEnumerable`1 source, Func`2 predicate)
   在 LinqToDB.Data.DataConnection.ConfigurationInfo.GetDataProvider(IConnectionStringSettings css, String connectionString)
   在 LinqToDB.Data.DataConnection.ConfigurationInfo.get_DataProvider()
   在 LinqToDB.Data.DataConnection..ctor(LinqToDBConnectionOptions options)
   在 LinqToDB.Data.DataConnection..ctor()
   在 ME.DB.MEDBDB..ctor() 位置 C:\ME.BioSoft\ME.DB\CopyMe.SQLite.generated.cs:行号 27
   在 ME.DB.PlatformActionDAL.SearchMany(Func`2 search) 位置 C:\ME.BioSoft\ME.DB\PlatformActionDAL.cs:行号 48
>>========================== 内部异常（InnerException）==========================
  >>异常消息（Message）：Cannot load assembly System.Data.SQLite
  >>异常来源（Source）：linq2db
  >>异常类型（ExceptionType）：System.InvalidOperationException
  >>原生异常类型（BaseExceptionType）：System.InvalidOperationException
  >>出错的方法签名（TargetSite）：LinqToDB.DataProvider.SQLite.SQLiteProviderAdapter CreateAdapter(System.String, System.String, System.String)
  >>堆栈信息（StackTrace）：
   在 LinqToDB.DataProvider.SQLite.SQLiteProviderAdapter.CreateAdapter(String assemblyName, String clientNamespace, String prefix)
   在 LinqToDB.DataProvider.SQLite.SQLiteProviderAdapter.GetInstance(String name)
   在 LinqToDB.DataProvider.SQLite.SQLiteDataProvider..ctor(String name, MappingSchema mappingSchema)
   在 LinqToDB.DataProvider.SQLite.SQLiteDataProviderClassic..ctor()

//==========================================================================================================
系统时间：11/16/2022 13:49:43  当前线程ID：1
日志等级：
日志内容：批量查询标定数据异常：调用的目标发生了异常。
异常信息：
  >>异常消息（Message）：调用的目标发生了异常。
  >>异常来源（Source）：mscorlib
  >>异常类型（ExceptionType）：System.Reflection.TargetInvocationException
  >>原生异常类型（BaseExceptionType）：System.InvalidOperationException
  >>出错的方法签名（TargetSite）：System.Object CreateInstance(System.RuntimeType, Boolean, Boolean, Boolean ByRef, System.RuntimeMethodHandleInternal ByRef, Boolean ByRef)
  >>堆栈信息（StackTrace）：
   在 System.RuntimeTypeHandle.CreateInstance(RuntimeType type, Boolean publicOnly, Boolean noCheck, Boolean& canBeCached, RuntimeMethodHandleInternal& ctor, Boolean& bNeedSecurityCheck)
   在 System.RuntimeType.CreateInstanceSlow(Boolean publicOnly, Boolean skipCheckThis, Boolean fillCache, StackCrawlMark& stackMark)
   在 System.RuntimeType.CreateInstanceDefaultCtor(Boolean publicOnly, Boolean skipCheckThis, Boolean fillCache, StackCrawlMark& stackMark)
   在 System.Activator.CreateInstance[T]()
   在 LinqToDB.Data.DataConnection.<>c__111`1.<CreateDataProvider>b__111_0()
   在 System.Lazy`1.CreateValue()
   在 System.Lazy`1.LazyInitValue()
   在 System.Lazy`1.get_Value()
   在 LinqToDB.DataProvider.SQLite.SQLiteTools.GetDataProvider(String providerName)
   在 LinqToDB.DataProvider.SQLite.SQLiteTools.ProviderDetector(IConnectionStringSettings css, String connectionString)
   在 LinqToDB.Data.DataConnection.ConfigurationInfo.<>c__DisplayClass12_0.<GetDataProvider>b__0(Func`3 d)
   在 System.Linq.Enumerable.WhereSelectListIterator`2.MoveNext()
   在 System.Linq.Enumerable.FirstOrDefault[TSource](IEnumerable`1 source, Func`2 predicate)
   在 LinqToDB.Data.DataConnection.ConfigurationInfo.GetDataProvider(IConnectionStringSettings css, String connectionString)
   在 LinqToDB.Data.DataConnection.ConfigurationInfo.get_DataProvider()
   在 LinqToDB.Data.DataConnection..ctor(LinqToDBConnectionOptions options)
   在 LinqToDB.Data.DataConnection..ctor()
   在 ME.DB.MEDBDB..ctor() 位置 C:\ME.BioSoft\ME.DB\CopyMe.SQLite.generated.cs:行号 27
   在 ME.DB.PlatformActionDAL.SearchMany(Func`2 search) 位置 C:\ME.BioSoft\ME.DB\PlatformActionDAL.cs:行号 48
>>========================== 内部异常（InnerException）==========================
  >>异常消息（Message）：Cannot load assembly System.Data.SQLite
  >>异常来源（Source）：linq2db
  >>异常类型（ExceptionType）：System.InvalidOperationException
  >>原生异常类型（BaseExceptionType）：System.InvalidOperationException
  >>出错的方法签名（TargetSite）：LinqToDB.DataProvider.SQLite.SQLiteProviderAdapter CreateAdapter(System.String, System.String, System.String)
  >>堆栈信息（StackTrace）：
   在 LinqToDB.DataProvider.SQLite.SQLiteProviderAdapter.CreateAdapter(String assemblyName, String clientNamespace, String prefix)
   在 LinqToDB.DataProvider.SQLite.SQLiteProviderAdapter.GetInstance(String name)
   在 LinqToDB.DataProvider.SQLite.SQLiteDataProvider..ctor(String name, MappingSchema mappingSchema)
   在 LinqToDB.DataProvider.SQLite.SQLiteDataProviderClassic..ctor()

//==========================================================================================================
系统时间：11/16/2022 13:50:41  当前线程ID：1
日志等级：
日志内容：批量查询标定数据异常：调用的目标发生了异常。
异常信息：
  >>异常消息（Message）：调用的目标发生了异常。
  >>异常来源（Source）：mscorlib
  >>异常类型（ExceptionType）：System.Reflection.TargetInvocationException
  >>原生异常类型（BaseExceptionType）：System.InvalidOperationException
  >>出错的方法签名（TargetSite）：System.Object CreateInstance(System.RuntimeType, Boolean, Boolean, Boolean ByRef, System.RuntimeMethodHandleInternal ByRef, Boolean ByRef)
  >>堆栈信息（StackTrace）：
   在 System.RuntimeTypeHandle.CreateInstance(RuntimeType type, Boolean publicOnly, Boolean noCheck, Boolean& canBeCached, RuntimeMethodHandleInternal& ctor, Boolean& bNeedSecurityCheck)
   在 System.RuntimeType.CreateInstanceSlow(Boolean publicOnly, Boolean skipCheckThis, Boolean fillCache, StackCrawlMark& stackMark)
   在 System.RuntimeType.CreateInstanceDefaultCtor(Boolean publicOnly, Boolean skipCheckThis, Boolean fillCache, StackCrawlMark& stackMark)
   在 System.Activator.CreateInstance[T]()
   在 LinqToDB.Data.DataConnection.<>c__111`1.<CreateDataProvider>b__111_0()
   在 System.Lazy`1.CreateValue()
   在 System.Lazy`1.LazyInitValue()
   在 System.Lazy`1.get_Value()
   在 LinqToDB.DataProvider.SQLite.SQLiteTools.GetDataProvider(String providerName)
   在 LinqToDB.DataProvider.SQLite.SQLiteTools.ProviderDetector(IConnectionStringSettings css, String connectionString)
   在 LinqToDB.Data.DataConnection.ConfigurationInfo.<>c__DisplayClass12_0.<GetDataProvider>b__0(Func`3 d)
   在 System.Linq.Enumerable.WhereSelectListIterator`2.MoveNext()
   在 System.Linq.Enumerable.FirstOrDefault[TSource](IEnumerable`1 source, Func`2 predicate)
   在 LinqToDB.Data.DataConnection.ConfigurationInfo.GetDataProvider(IConnectionStringSettings css, String connectionString)
   在 LinqToDB.Data.DataConnection.ConfigurationInfo.get_DataProvider()
   在 LinqToDB.Data.DataConnection..ctor(LinqToDBConnectionOptions options)
   在 LinqToDB.Data.DataConnection..ctor()
   在 ME.DB.MEDBDB..ctor() 位置 C:\ME.BioSoft\ME.DB\CopyMe.SQLite.generated.cs:行号 27
   在 ME.DB.PlatformActionDAL.SearchMany(Func`2 search) 位置 C:\ME.BioSoft\ME.DB\PlatformActionDAL.cs:行号 48
>>========================== 内部异常（InnerException）==========================
  >>异常消息（Message）：Cannot load assembly System.Data.SQLite
  >>异常来源（Source）：linq2db
  >>异常类型（ExceptionType）：System.InvalidOperationException
  >>原生异常类型（BaseExceptionType）：System.InvalidOperationException
  >>出错的方法签名（TargetSite）：LinqToDB.DataProvider.SQLite.SQLiteProviderAdapter CreateAdapter(System.String, System.String, System.String)
  >>堆栈信息（StackTrace）：
   在 LinqToDB.DataProvider.SQLite.SQLiteProviderAdapter.CreateAdapter(String assemblyName, String clientNamespace, String prefix)
   在 LinqToDB.DataProvider.SQLite.SQLiteProviderAdapter.GetInstance(String name)
   在 LinqToDB.DataProvider.SQLite.SQLiteDataProvider..ctor(String name, MappingSchema mappingSchema)
   在 LinqToDB.DataProvider.SQLite.SQLiteDataProviderClassic..ctor()

//==========================================================================================================
系统时间：11/16/2022 13:52:11  当前线程ID：1
日志等级：
日志内容：批量查询标定数据异常：调用的目标发生了异常。
异常信息：
  >>异常消息（Message）：调用的目标发生了异常。
  >>异常来源（Source）：mscorlib
  >>异常类型（ExceptionType）：System.Reflection.TargetInvocationException
  >>原生异常类型（BaseExceptionType）：System.InvalidOperationException
  >>出错的方法签名（TargetSite）：System.Object CreateInstance(System.RuntimeType, Boolean, Boolean, Boolean ByRef, System.RuntimeMethodHandleInternal ByRef, Boolean ByRef)
  >>堆栈信息（StackTrace）：
   在 System.RuntimeTypeHandle.CreateInstance(RuntimeType type, Boolean publicOnly, Boolean noCheck, Boolean& canBeCached, RuntimeMethodHandleInternal& ctor, Boolean& bNeedSecurityCheck)
   在 System.RuntimeType.CreateInstanceSlow(Boolean publicOnly, Boolean skipCheckThis, Boolean fillCache, StackCrawlMark& stackMark)
   在 System.RuntimeType.CreateInstanceDefaultCtor(Boolean publicOnly, Boolean skipCheckThis, Boolean fillCache, StackCrawlMark& stackMark)
   在 System.Activator.CreateInstance[T]()
   在 LinqToDB.Data.DataConnection.<>c__111`1.<CreateDataProvider>b__111_0()
   在 System.Lazy`1.CreateValue()
   在 System.Lazy`1.LazyInitValue()
   在 System.Lazy`1.get_Value()
   在 LinqToDB.DataProvider.SQLite.SQLiteTools.GetDataProvider(String providerName)
   在 LinqToDB.DataProvider.SQLite.SQLiteTools.ProviderDetector(IConnectionStringSettings css, String connectionString)
   在 LinqToDB.Data.DataConnection.ConfigurationInfo.<>c__DisplayClass12_0.<GetDataProvider>b__0(Func`3 d)
   在 System.Linq.Enumerable.WhereSelectListIterator`2.MoveNext()
   在 System.Linq.Enumerable.FirstOrDefault[TSource](IEnumerable`1 source, Func`2 predicate)
   在 LinqToDB.Data.DataConnection.ConfigurationInfo.GetDataProvider(IConnectionStringSettings css, String connectionString)
   在 LinqToDB.Data.DataConnection.ConfigurationInfo.get_DataProvider()
   在 LinqToDB.Data.DataConnection..ctor(LinqToDBConnectionOptions options)
   在 LinqToDB.Data.DataConnection..ctor()
   在 ME.DB.MEDBDB..ctor() 位置 C:\ME.BioSoft\ME.DB\CopyMe.SQLite.generated.cs:行号 27
   在 ME.DB.PlatformActionDAL.SearchMany(Func`2 search) 位置 C:\ME.BioSoft\ME.DB\PlatformActionDAL.cs:行号 48
>>========================== 内部异常（InnerException）==========================
  >>异常消息（Message）：Cannot load assembly System.Data.SQLite
  >>异常来源（Source）：linq2db
  >>异常类型（ExceptionType）：System.InvalidOperationException
  >>原生异常类型（BaseExceptionType）：System.InvalidOperationException
  >>出错的方法签名（TargetSite）：LinqToDB.DataProvider.SQLite.SQLiteProviderAdapter CreateAdapter(System.String, System.String, System.String)
  >>堆栈信息（StackTrace）：
   在 LinqToDB.DataProvider.SQLite.SQLiteProviderAdapter.CreateAdapter(String assemblyName, String clientNamespace, String prefix)
   在 LinqToDB.DataProvider.SQLite.SQLiteProviderAdapter.GetInstance(String name)
   在 LinqToDB.DataProvider.SQLite.SQLiteDataProvider..ctor(String name, MappingSchema mappingSchema)
   在 LinqToDB.DataProvider.SQLite.SQLiteDataProviderClassic..ctor()

//==========================================================================================================
系统时间：11/16/2022 13:52:50  当前线程ID：1
日志等级：
日志内容：批量查询标定数据异常：调用的目标发生了异常。
异常信息：
  >>异常消息（Message）：调用的目标发生了异常。
  >>异常来源（Source）：mscorlib
  >>异常类型（ExceptionType）：System.Reflection.TargetInvocationException
  >>原生异常类型（BaseExceptionType）：System.InvalidOperationException
  >>出错的方法签名（TargetSite）：System.Object CreateInstance(System.RuntimeType, Boolean, Boolean, Boolean ByRef, System.RuntimeMethodHandleInternal ByRef, Boolean ByRef)
  >>堆栈信息（StackTrace）：
   在 System.RuntimeTypeHandle.CreateInstance(RuntimeType type, Boolean publicOnly, Boolean noCheck, Boolean& canBeCached, RuntimeMethodHandleInternal& ctor, Boolean& bNeedSecurityCheck)
   在 System.RuntimeType.CreateInstanceSlow(Boolean publicOnly, Boolean skipCheckThis, Boolean fillCache, StackCrawlMark& stackMark)
   在 System.RuntimeType.CreateInstanceDefaultCtor(Boolean publicOnly, Boolean skipCheckThis, Boolean fillCache, StackCrawlMark& stackMark)
   在 System.Activator.CreateInstance[T]()
   在 LinqToDB.Data.DataConnection.<>c__111`1.<CreateDataProvider>b__111_0()
   在 System.Lazy`1.CreateValue()
   在 System.Lazy`1.LazyInitValue()
   在 System.Lazy`1.get_Value()
   在 LinqToDB.DataProvider.SQLite.SQLiteTools.GetDataProvider(String providerName)
   在 LinqToDB.DataProvider.SQLite.SQLiteTools.ProviderDetector(IConnectionStringSettings css, String connectionString)
   在 LinqToDB.Data.DataConnection.ConfigurationInfo.<>c__DisplayClass12_0.<GetDataProvider>b__0(Func`3 d)
   在 System.Linq.Enumerable.WhereSelectListIterator`2.MoveNext()
   在 System.Linq.Enumerable.FirstOrDefault[TSource](IEnumerable`1 source, Func`2 predicate)
   在 LinqToDB.Data.DataConnection.ConfigurationInfo.GetDataProvider(IConnectionStringSettings css, String connectionString)
   在 LinqToDB.Data.DataConnection.ConfigurationInfo.get_DataProvider()
   在 LinqToDB.Data.DataConnection..ctor(LinqToDBConnectionOptions options)
   在 LinqToDB.Data.DataConnection..ctor()
   在 ME.DB.MEDBDB..ctor() 位置 C:\ME.BioSoft\ME.DB\CopyMe.SQLite.generated.cs:行号 27
   在 ME.DB.PlatformActionDAL.SearchMany(Func`2 search) 位置 C:\ME.BioSoft\ME.DB\PlatformActionDAL.cs:行号 48
>>========================== 内部异常（InnerException）==========================
  >>异常消息（Message）：Cannot load assembly System.Data.SQLite
  >>异常来源（Source）：linq2db
  >>异常类型（ExceptionType）：System.InvalidOperationException
  >>原生异常类型（BaseExceptionType）：System.InvalidOperationException
  >>出错的方法签名（TargetSite）：LinqToDB.DataProvider.SQLite.SQLiteProviderAdapter CreateAdapter(System.String, System.String, System.String)
  >>堆栈信息（StackTrace）：
   在 LinqToDB.DataProvider.SQLite.SQLiteProviderAdapter.CreateAdapter(String assemblyName, String clientNamespace, String prefix)
   在 LinqToDB.DataProvider.SQLite.SQLiteProviderAdapter.GetInstance(String name)
   在 LinqToDB.DataProvider.SQLite.SQLiteDataProvider..ctor(String name, MappingSchema mappingSchema)
   在 LinqToDB.DataProvider.SQLite.SQLiteDataProviderClassic..ctor()

//==========================================================================================================
系统时间：11/16/2022 13:54:54  当前线程ID：1
日志等级：
日志内容：批量查询标定数据异常：调用的目标发生了异常。
异常信息：
  >>异常消息（Message）：调用的目标发生了异常。
  >>异常来源（Source）：mscorlib
  >>异常类型（ExceptionType）：System.Reflection.TargetInvocationException
  >>原生异常类型（BaseExceptionType）：System.InvalidOperationException
  >>出错的方法签名（TargetSite）：System.Object CreateInstance(System.RuntimeType, Boolean, Boolean, Boolean ByRef, System.RuntimeMethodHandleInternal ByRef, Boolean ByRef)
  >>堆栈信息（StackTrace）：
   在 System.RuntimeTypeHandle.CreateInstance(RuntimeType type, Boolean publicOnly, Boolean noCheck, Boolean& canBeCached, RuntimeMethodHandleInternal& ctor, Boolean& bNeedSecurityCheck)
   在 System.RuntimeType.CreateInstanceSlow(Boolean publicOnly, Boolean skipCheckThis, Boolean fillCache, StackCrawlMark& stackMark)
   在 System.RuntimeType.CreateInstanceDefaultCtor(Boolean publicOnly, Boolean skipCheckThis, Boolean fillCache, StackCrawlMark& stackMark)
   在 System.Activator.CreateInstance[T]()
   在 LinqToDB.Data.DataConnection.<>c__111`1.<CreateDataProvider>b__111_0()
   在 System.Lazy`1.CreateValue()
   在 System.Lazy`1.LazyInitValue()
   在 System.Lazy`1.get_Value()
   在 LinqToDB.DataProvider.SQLite.SQLiteTools.GetDataProvider(String providerName)
   在 LinqToDB.DataProvider.SQLite.SQLiteTools.ProviderDetector(IConnectionStringSettings css, String connectionString)
   在 LinqToDB.Data.DataConnection.ConfigurationInfo.<>c__DisplayClass12_0.<GetDataProvider>b__0(Func`3 d)
   在 System.Linq.Enumerable.WhereSelectListIterator`2.MoveNext()
   在 System.Linq.Enumerable.FirstOrDefault[TSource](IEnumerable`1 source, Func`2 predicate)
   在 LinqToDB.Data.DataConnection.ConfigurationInfo.GetDataProvider(IConnectionStringSettings css, String connectionString)
   在 LinqToDB.Data.DataConnection.ConfigurationInfo.get_DataProvider()
   在 LinqToDB.Data.DataConnection..ctor(LinqToDBConnectionOptions options)
   在 LinqToDB.Data.DataConnection..ctor()
   在 ME.DB.MEDBDB..ctor() 位置 C:\ME.BioSoft\ME.DB\CopyMe.SQLite.generated.cs:行号 27
   在 ME.DB.PlatformActionDAL.SearchMany(Func`2 search) 位置 C:\ME.BioSoft\ME.DB\PlatformActionDAL.cs:行号 48
>>========================== 内部异常（InnerException）==========================
  >>异常消息（Message）：Cannot load assembly System.Data.SQLite
  >>异常来源（Source）：linq2db
  >>异常类型（ExceptionType）：System.InvalidOperationException
  >>原生异常类型（BaseExceptionType）：System.InvalidOperationException
  >>出错的方法签名（TargetSite）：LinqToDB.DataProvider.SQLite.SQLiteProviderAdapter CreateAdapter(System.String, System.String, System.String)
  >>堆栈信息（StackTrace）：
   在 LinqToDB.DataProvider.SQLite.SQLiteProviderAdapter.CreateAdapter(String assemblyName, String clientNamespace, String prefix)
   在 LinqToDB.DataProvider.SQLite.SQLiteProviderAdapter.GetInstance(String name)
   在 LinqToDB.DataProvider.SQLite.SQLiteDataProvider..ctor(String name, MappingSchema mappingSchema)
   在 LinqToDB.DataProvider.SQLite.SQLiteDataProviderClassic..ctor()

//==========================================================================================================
系统时间：11/16/2022 13:55:14  当前线程ID：1
日志等级：
日志内容：批量查询标定数据异常：调用的目标发生了异常。
异常信息：
  >>异常消息（Message）：调用的目标发生了异常。
  >>异常来源（Source）：mscorlib
  >>异常类型（ExceptionType）：System.Reflection.TargetInvocationException
  >>原生异常类型（BaseExceptionType）：System.InvalidOperationException
  >>出错的方法签名（TargetSite）：System.Object CreateInstance(System.RuntimeType, Boolean, Boolean, Boolean ByRef, System.RuntimeMethodHandleInternal ByRef, Boolean ByRef)
  >>堆栈信息（StackTrace）：
   在 System.RuntimeTypeHandle.CreateInstance(RuntimeType type, Boolean publicOnly, Boolean noCheck, Boolean& canBeCached, RuntimeMethodHandleInternal& ctor, Boolean& bNeedSecurityCheck)
   在 System.RuntimeType.CreateInstanceSlow(Boolean publicOnly, Boolean skipCheckThis, Boolean fillCache, StackCrawlMark& stackMark)
   在 System.RuntimeType.CreateInstanceDefaultCtor(Boolean publicOnly, Boolean skipCheckThis, Boolean fillCache, StackCrawlMark& stackMark)
   在 System.Activator.CreateInstance[T]()
   在 LinqToDB.Data.DataConnection.<>c__111`1.<CreateDataProvider>b__111_0()
   在 System.Lazy`1.CreateValue()
   在 System.Lazy`1.LazyInitValue()
   在 System.Lazy`1.get_Value()
   在 LinqToDB.DataProvider.SQLite.SQLiteTools.GetDataProvider(String providerName)
   在 LinqToDB.DataProvider.SQLite.SQLiteTools.ProviderDetector(IConnectionStringSettings css, String connectionString)
   在 LinqToDB.Data.DataConnection.ConfigurationInfo.<>c__DisplayClass12_0.<GetDataProvider>b__0(Func`3 d)
   在 System.Linq.Enumerable.WhereSelectListIterator`2.MoveNext()
   在 System.Linq.Enumerable.FirstOrDefault[TSource](IEnumerable`1 source, Func`2 predicate)
   在 LinqToDB.Data.DataConnection.ConfigurationInfo.GetDataProvider(IConnectionStringSettings css, String connectionString)
   在 LinqToDB.Data.DataConnection.ConfigurationInfo.get_DataProvider()
   在 LinqToDB.Data.DataConnection..ctor(LinqToDBConnectionOptions options)
   在 LinqToDB.Data.DataConnection..ctor()
   在 ME.DB.MEDBDB..ctor() 位置 C:\ME.BioSoft\ME.DB\CopyMe.SQLite.generated.cs:行号 27
   在 ME.DB.PlatformActionDAL.SearchMany(Func`2 search) 位置 C:\ME.BioSoft\ME.DB\PlatformActionDAL.cs:行号 48
>>========================== 内部异常（InnerException）==========================
  >>异常消息（Message）：Cannot load assembly System.Data.SQLite
  >>异常来源（Source）：linq2db
  >>异常类型（ExceptionType）：System.InvalidOperationException
  >>原生异常类型（BaseExceptionType）：System.InvalidOperationException
  >>出错的方法签名（TargetSite）：LinqToDB.DataProvider.SQLite.SQLiteProviderAdapter CreateAdapter(System.String, System.String, System.String)
  >>堆栈信息（StackTrace）：
   在 LinqToDB.DataProvider.SQLite.SQLiteProviderAdapter.CreateAdapter(String assemblyName, String clientNamespace, String prefix)
   在 LinqToDB.DataProvider.SQLite.SQLiteProviderAdapter.GetInstance(String name)
   在 LinqToDB.DataProvider.SQLite.SQLiteDataProvider..ctor(String name, MappingSchema mappingSchema)
   在 LinqToDB.DataProvider.SQLite.SQLiteDataProviderClassic..ctor()

//==========================================================================================================
系统时间：11/16/2022 13:55:29  当前线程ID：1
日志等级：
日志内容：批量查询标定数据异常：调用的目标发生了异常。
异常信息：
  >>异常消息（Message）：调用的目标发生了异常。
  >>异常来源（Source）：mscorlib
  >>异常类型（ExceptionType）：System.Reflection.TargetInvocationException
  >>原生异常类型（BaseExceptionType）：System.InvalidOperationException
  >>出错的方法签名（TargetSite）：System.Object CreateInstance(System.RuntimeType, Boolean, Boolean, Boolean ByRef, System.RuntimeMethodHandleInternal ByRef, Boolean ByRef)
  >>堆栈信息（StackTrace）：
   在 System.RuntimeTypeHandle.CreateInstance(RuntimeType type, Boolean publicOnly, Boolean noCheck, Boolean& canBeCached, RuntimeMethodHandleInternal& ctor, Boolean& bNeedSecurityCheck)
   在 System.RuntimeType.CreateInstanceSlow(Boolean publicOnly, Boolean skipCheckThis, Boolean fillCache, StackCrawlMark& stackMark)
   在 System.RuntimeType.CreateInstanceDefaultCtor(Boolean publicOnly, Boolean skipCheckThis, Boolean fillCache, StackCrawlMark& stackMark)
   在 System.Activator.CreateInstance[T]()
   在 LinqToDB.Data.DataConnection.<>c__111`1.<CreateDataProvider>b__111_0()
   在 System.Lazy`1.CreateValue()
   在 System.Lazy`1.LazyInitValue()
   在 System.Lazy`1.get_Value()
   在 LinqToDB.DataProvider.SQLite.SQLiteTools.GetDataProvider(String providerName)
   在 LinqToDB.DataProvider.SQLite.SQLiteTools.ProviderDetector(IConnectionStringSettings css, String connectionString)
   在 LinqToDB.Data.DataConnection.ConfigurationInfo.<>c__DisplayClass12_0.<GetDataProvider>b__0(Func`3 d)
   在 System.Linq.Enumerable.WhereSelectListIterator`2.MoveNext()
   在 System.Linq.Enumerable.FirstOrDefault[TSource](IEnumerable`1 source, Func`2 predicate)
   在 LinqToDB.Data.DataConnection.ConfigurationInfo.GetDataProvider(IConnectionStringSettings css, String connectionString)
   在 LinqToDB.Data.DataConnection.ConfigurationInfo.get_DataProvider()
   在 LinqToDB.Data.DataConnection..ctor(LinqToDBConnectionOptions options)
   在 LinqToDB.Data.DataConnection..ctor()
   在 ME.DB.MEDBDB..ctor() 位置 C:\ME.BioSoft\ME.DB\CopyMe.SQLite.generated.cs:行号 27
   在 ME.DB.PlatformActionDAL.SearchMany(Func`2 search) 位置 C:\ME.BioSoft\ME.DB\PlatformActionDAL.cs:行号 48
>>========================== 内部异常（InnerException）==========================
  >>异常消息（Message）：Cannot load assembly System.Data.SQLite
  >>异常来源（Source）：linq2db
  >>异常类型（ExceptionType）：System.InvalidOperationException
  >>原生异常类型（BaseExceptionType）：System.InvalidOperationException
  >>出错的方法签名（TargetSite）：LinqToDB.DataProvider.SQLite.SQLiteProviderAdapter CreateAdapter(System.String, System.String, System.String)
  >>堆栈信息（StackTrace）：
   在 LinqToDB.DataProvider.SQLite.SQLiteProviderAdapter.CreateAdapter(String assemblyName, String clientNamespace, String prefix)
   在 LinqToDB.DataProvider.SQLite.SQLiteProviderAdapter.GetInstance(String name)
   在 LinqToDB.DataProvider.SQLite.SQLiteDataProvider..ctor(String name, MappingSchema mappingSchema)
   在 LinqToDB.DataProvider.SQLite.SQLiteDataProviderClassic..ctor()

//==========================================================================================================
系统时间：11/16/2022 13:56:10  当前线程ID：1
日志等级：
日志内容：批量查询标定数据异常：调用的目标发生了异常。
异常信息：
  >>异常消息（Message）：调用的目标发生了异常。
  >>异常来源（Source）：mscorlib
  >>异常类型（ExceptionType）：System.Reflection.TargetInvocationException
  >>原生异常类型（BaseExceptionType）：System.InvalidOperationException
  >>出错的方法签名（TargetSite）：System.Object CreateInstance(System.RuntimeType, Boolean, Boolean, Boolean ByRef, System.RuntimeMethodHandleInternal ByRef, Boolean ByRef)
  >>堆栈信息（StackTrace）：
   在 System.RuntimeTypeHandle.CreateInstance(RuntimeType type, Boolean publicOnly, Boolean noCheck, Boolean& canBeCached, RuntimeMethodHandleInternal& ctor, Boolean& bNeedSecurityCheck)
   在 System.RuntimeType.CreateInstanceSlow(Boolean publicOnly, Boolean skipCheckThis, Boolean fillCache, StackCrawlMark& stackMark)
   在 System.RuntimeType.CreateInstanceDefaultCtor(Boolean publicOnly, Boolean skipCheckThis, Boolean fillCache, StackCrawlMark& stackMark)
   在 System.Activator.CreateInstance[T]()
   在 LinqToDB.Data.DataConnection.<>c__111`1.<CreateDataProvider>b__111_0()
   在 System.Lazy`1.CreateValue()
   在 System.Lazy`1.LazyInitValue()
   在 System.Lazy`1.get_Value()
   在 LinqToDB.DataProvider.SQLite.SQLiteTools.GetDataProvider(String providerName)
   在 LinqToDB.DataProvider.SQLite.SQLiteTools.ProviderDetector(IConnectionStringSettings css, String connectionString)
   在 LinqToDB.Data.DataConnection.ConfigurationInfo.<>c__DisplayClass12_0.<GetDataProvider>b__0(Func`3 d)
   在 System.Linq.Enumerable.WhereSelectListIterator`2.MoveNext()
   在 System.Linq.Enumerable.FirstOrDefault[TSource](IEnumerable`1 source, Func`2 predicate)
   在 LinqToDB.Data.DataConnection.ConfigurationInfo.GetDataProvider(IConnectionStringSettings css, String connectionString)
   在 LinqToDB.Data.DataConnection.ConfigurationInfo.get_DataProvider()
   在 LinqToDB.Data.DataConnection..ctor(LinqToDBConnectionOptions options)
   在 LinqToDB.Data.DataConnection..ctor()
   在 ME.DB.MEDBDB..ctor() 位置 C:\ME.BioSoft\ME.DB\CopyMe.SQLite.generated.cs:行号 27
   在 ME.DB.PlatformActionDAL.SearchMany(Func`2 search) 位置 C:\ME.BioSoft\ME.DB\PlatformActionDAL.cs:行号 48
>>========================== 内部异常（InnerException）==========================
  >>异常消息（Message）：Cannot load assembly System.Data.SQLite
  >>异常来源（Source）：linq2db
  >>异常类型（ExceptionType）：System.InvalidOperationException
  >>原生异常类型（BaseExceptionType）：System.InvalidOperationException
  >>出错的方法签名（TargetSite）：LinqToDB.DataProvider.SQLite.SQLiteProviderAdapter CreateAdapter(System.String, System.String, System.String)
  >>堆栈信息（StackTrace）：
   在 LinqToDB.DataProvider.SQLite.SQLiteProviderAdapter.CreateAdapter(String assemblyName, String clientNamespace, String prefix)
   在 LinqToDB.DataProvider.SQLite.SQLiteProviderAdapter.GetInstance(String name)
   在 LinqToDB.DataProvider.SQLite.SQLiteDataProvider..ctor(String name, MappingSchema mappingSchema)
   在 LinqToDB.DataProvider.SQLite.SQLiteDataProviderClassic..ctor()

//==========================================================================================================
系统时间：11/16/2022 13:56:28  当前线程ID：1
日志等级：
日志内容：批量查询标定数据异常：调用的目标发生了异常。
异常信息：
  >>异常消息（Message）：调用的目标发生了异常。
  >>异常来源（Source）：mscorlib
  >>异常类型（ExceptionType）：System.Reflection.TargetInvocationException
  >>原生异常类型（BaseExceptionType）：System.InvalidOperationException
  >>出错的方法签名（TargetSite）：System.Object CreateInstance(System.RuntimeType, Boolean, Boolean, Boolean ByRef, System.RuntimeMethodHandleInternal ByRef, Boolean ByRef)
  >>堆栈信息（StackTrace）：
   在 System.RuntimeTypeHandle.CreateInstance(RuntimeType type, Boolean publicOnly, Boolean noCheck, Boolean& canBeCached, RuntimeMethodHandleInternal& ctor, Boolean& bNeedSecurityCheck)
   在 System.RuntimeType.CreateInstanceSlow(Boolean publicOnly, Boolean skipCheckThis, Boolean fillCache, StackCrawlMark& stackMark)
   在 System.RuntimeType.CreateInstanceDefaultCtor(Boolean publicOnly, Boolean skipCheckThis, Boolean fillCache, StackCrawlMark& stackMark)
   在 System.Activator.CreateInstance[T]()
   在 LinqToDB.Data.DataConnection.<>c__111`1.<CreateDataProvider>b__111_0()
   在 System.Lazy`1.CreateValue()
   在 System.Lazy`1.LazyInitValue()
   在 System.Lazy`1.get_Value()
   在 LinqToDB.DataProvider.SQLite.SQLiteTools.GetDataProvider(String providerName)
   在 LinqToDB.DataProvider.SQLite.SQLiteTools.ProviderDetector(IConnectionStringSettings css, String connectionString)
   在 LinqToDB.Data.DataConnection.ConfigurationInfo.<>c__DisplayClass12_0.<GetDataProvider>b__0(Func`3 d)
   在 System.Linq.Enumerable.WhereSelectListIterator`2.MoveNext()
   在 System.Linq.Enumerable.FirstOrDefault[TSource](IEnumerable`1 source, Func`2 predicate)
   在 LinqToDB.Data.DataConnection.ConfigurationInfo.GetDataProvider(IConnectionStringSettings css, String connectionString)
   在 LinqToDB.Data.DataConnection.ConfigurationInfo.get_DataProvider()
   在 LinqToDB.Data.DataConnection..ctor(LinqToDBConnectionOptions options)
   在 LinqToDB.Data.DataConnection..ctor()
   在 ME.DB.MEDBDB..ctor() 位置 C:\ME.BioSoft\ME.DB\CopyMe.SQLite.generated.cs:行号 27
   在 ME.DB.PlatformActionDAL.SearchMany(Func`2 search) 位置 C:\ME.BioSoft\ME.DB\PlatformActionDAL.cs:行号 48
>>========================== 内部异常（InnerException）==========================
  >>异常消息（Message）：Cannot load assembly System.Data.SQLite
  >>异常来源（Source）：linq2db
  >>异常类型（ExceptionType）：System.InvalidOperationException
  >>原生异常类型（BaseExceptionType）：System.InvalidOperationException
  >>出错的方法签名（TargetSite）：LinqToDB.DataProvider.SQLite.SQLiteProviderAdapter CreateAdapter(System.String, System.String, System.String)
  >>堆栈信息（StackTrace）：
   在 LinqToDB.DataProvider.SQLite.SQLiteProviderAdapter.CreateAdapter(String assemblyName, String clientNamespace, String prefix)
   在 LinqToDB.DataProvider.SQLite.SQLiteProviderAdapter.GetInstance(String name)
   在 LinqToDB.DataProvider.SQLite.SQLiteDataProvider..ctor(String name, MappingSchema mappingSchema)
   在 LinqToDB.DataProvider.SQLite.SQLiteDataProviderClassic..ctor()

//==========================================================================================================
系统时间：11/16/2022 13:57:24  当前线程ID：1
日志等级：
日志内容：批量查询标定数据异常：调用的目标发生了异常。
异常信息：
  >>异常消息（Message）：调用的目标发生了异常。
  >>异常来源（Source）：mscorlib
  >>异常类型（ExceptionType）：System.Reflection.TargetInvocationException
  >>原生异常类型（BaseExceptionType）：System.InvalidOperationException
  >>出错的方法签名（TargetSite）：System.Object CreateInstance(System.RuntimeType, Boolean, Boolean, Boolean ByRef, System.RuntimeMethodHandleInternal ByRef, Boolean ByRef)
  >>堆栈信息（StackTrace）：
   在 System.RuntimeTypeHandle.CreateInstance(RuntimeType type, Boolean publicOnly, Boolean noCheck, Boolean& canBeCached, RuntimeMethodHandleInternal& ctor, Boolean& bNeedSecurityCheck)
   在 System.RuntimeType.CreateInstanceSlow(Boolean publicOnly, Boolean skipCheckThis, Boolean fillCache, StackCrawlMark& stackMark)
   在 System.RuntimeType.CreateInstanceDefaultCtor(Boolean publicOnly, Boolean skipCheckThis, Boolean fillCache, StackCrawlMark& stackMark)
   在 System.Activator.CreateInstance[T]()
   在 LinqToDB.Data.DataConnection.<>c__111`1.<CreateDataProvider>b__111_0()
   在 System.Lazy`1.CreateValue()
   在 System.Lazy`1.LazyInitValue()
   在 System.Lazy`1.get_Value()
   在 LinqToDB.DataProvider.SQLite.SQLiteTools.GetDataProvider(String providerName)
   在 LinqToDB.DataProvider.SQLite.SQLiteTools.ProviderDetector(IConnectionStringSettings css, String connectionString)
   在 LinqToDB.Data.DataConnection.ConfigurationInfo.<>c__DisplayClass12_0.<GetDataProvider>b__0(Func`3 d)
   在 System.Linq.Enumerable.WhereSelectListIterator`2.MoveNext()
   在 System.Linq.Enumerable.FirstOrDefault[TSource](IEnumerable`1 source, Func`2 predicate)
   在 LinqToDB.Data.DataConnection.ConfigurationInfo.GetDataProvider(IConnectionStringSettings css, String connectionString)
   在 LinqToDB.Data.DataConnection.ConfigurationInfo.get_DataProvider()
   在 LinqToDB.Data.DataConnection..ctor(LinqToDBConnectionOptions options)
   在 LinqToDB.Data.DataConnection..ctor()
   在 ME.DB.MEDBDB..ctor() 位置 C:\ME.BioSoft\ME.DB\CopyMe.SQLite.generated.cs:行号 27
   在 ME.DB.PlatformActionDAL.SearchMany(Func`2 search) 位置 C:\ME.BioSoft\ME.DB\PlatformActionDAL.cs:行号 48
>>========================== 内部异常（InnerException）==========================
  >>异常消息（Message）：Cannot load assembly System.Data.SQLite
  >>异常来源（Source）：linq2db
  >>异常类型（ExceptionType）：System.InvalidOperationException
  >>原生异常类型（BaseExceptionType）：System.InvalidOperationException
  >>出错的方法签名（TargetSite）：LinqToDB.DataProvider.SQLite.SQLiteProviderAdapter CreateAdapter(System.String, System.String, System.String)
  >>堆栈信息（StackTrace）：
   在 LinqToDB.DataProvider.SQLite.SQLiteProviderAdapter.CreateAdapter(String assemblyName, String clientNamespace, String prefix)
   在 LinqToDB.DataProvider.SQLite.SQLiteProviderAdapter.GetInstance(String name)
   在 LinqToDB.DataProvider.SQLite.SQLiteDataProvider..ctor(String name, MappingSchema mappingSchema)
   在 LinqToDB.DataProvider.SQLite.SQLiteDataProviderClassic..ctor()

//==========================================================================================================
系统时间：11/16/2022 14:00:46  当前线程ID：1
日志等级：
日志内容：批量查询标定数据异常：调用的目标发生了异常。
异常信息：
  >>异常消息（Message）：调用的目标发生了异常。
  >>异常来源（Source）：mscorlib
  >>异常类型（ExceptionType）：System.Reflection.TargetInvocationException
  >>原生异常类型（BaseExceptionType）：System.InvalidOperationException
  >>出错的方法签名（TargetSite）：System.Object CreateInstance(System.RuntimeType, Boolean, Boolean, Boolean ByRef, System.RuntimeMethodHandleInternal ByRef, Boolean ByRef)
  >>堆栈信息（StackTrace）：
   在 System.RuntimeTypeHandle.CreateInstance(RuntimeType type, Boolean publicOnly, Boolean noCheck, Boolean& canBeCached, RuntimeMethodHandleInternal& ctor, Boolean& bNeedSecurityCheck)
   在 System.RuntimeType.CreateInstanceSlow(Boolean publicOnly, Boolean skipCheckThis, Boolean fillCache, StackCrawlMark& stackMark)
   在 System.RuntimeType.CreateInstanceDefaultCtor(Boolean publicOnly, Boolean skipCheckThis, Boolean fillCache, StackCrawlMark& stackMark)
   在 System.Activator.CreateInstance[T]()
   在 LinqToDB.Data.DataConnection.<>c__111`1.<CreateDataProvider>b__111_0()
   在 System.Lazy`1.CreateValue()
   在 System.Lazy`1.LazyInitValue()
   在 System.Lazy`1.get_Value()
   在 LinqToDB.DataProvider.SQLite.SQLiteTools.GetDataProvider(String providerName)
   在 LinqToDB.DataProvider.SQLite.SQLiteTools.ProviderDetector(IConnectionStringSettings css, String connectionString)
   在 LinqToDB.Data.DataConnection.ConfigurationInfo.<>c__DisplayClass12_0.<GetDataProvider>b__0(Func`3 d)
   在 System.Linq.Enumerable.WhereSelectListIterator`2.MoveNext()
   在 System.Linq.Enumerable.FirstOrDefault[TSource](IEnumerable`1 source, Func`2 predicate)
   在 LinqToDB.Data.DataConnection.ConfigurationInfo.GetDataProvider(IConnectionStringSettings css, String connectionString)
   在 LinqToDB.Data.DataConnection.ConfigurationInfo.get_DataProvider()
   在 LinqToDB.Data.DataConnection..ctor(LinqToDBConnectionOptions options)
   在 LinqToDB.Data.DataConnection..ctor()
   在 ME.DB.MEDBDB..ctor() 位置 C:\ME.BioSoft\ME.DB\CopyMe.SQLite.generated.cs:行号 27
   在 ME.DB.PlatformActionDAL.SearchMany(Func`2 search) 位置 C:\ME.BioSoft\ME.DB\PlatformActionDAL.cs:行号 48
>>========================== 内部异常（InnerException）==========================
  >>异常消息（Message）：Cannot load assembly System.Data.SQLite
  >>异常来源（Source）：linq2db
  >>异常类型（ExceptionType）：System.InvalidOperationException
  >>原生异常类型（BaseExceptionType）：System.InvalidOperationException
  >>出错的方法签名（TargetSite）：LinqToDB.DataProvider.SQLite.SQLiteProviderAdapter CreateAdapter(System.String, System.String, System.String)
  >>堆栈信息（StackTrace）：
   在 LinqToDB.DataProvider.SQLite.SQLiteProviderAdapter.CreateAdapter(String assemblyName, String clientNamespace, String prefix)
   在 LinqToDB.DataProvider.SQLite.SQLiteProviderAdapter.GetInstance(String name)
   在 LinqToDB.DataProvider.SQLite.SQLiteDataProvider..ctor(String name, MappingSchema mappingSchema)
   在 LinqToDB.DataProvider.SQLite.SQLiteDataProviderClassic..ctor()

//==========================================================================================================
系统时间：11/16/2022 14:01:33  当前线程ID：1
日志等级：
日志内容：批量查询标定数据异常：调用的目标发生了异常。
异常信息：
  >>异常消息（Message）：调用的目标发生了异常。
  >>异常来源（Source）：mscorlib
  >>异常类型（ExceptionType）：System.Reflection.TargetInvocationException
  >>原生异常类型（BaseExceptionType）：System.InvalidOperationException
  >>出错的方法签名（TargetSite）：System.Object CreateInstance(System.RuntimeType, Boolean, Boolean, Boolean ByRef, System.RuntimeMethodHandleInternal ByRef, Boolean ByRef)
  >>堆栈信息（StackTrace）：
   在 System.RuntimeTypeHandle.CreateInstance(RuntimeType type, Boolean publicOnly, Boolean noCheck, Boolean& canBeCached, RuntimeMethodHandleInternal& ctor, Boolean& bNeedSecurityCheck)
   在 System.RuntimeType.CreateInstanceSlow(Boolean publicOnly, Boolean skipCheckThis, Boolean fillCache, StackCrawlMark& stackMark)
   在 System.RuntimeType.CreateInstanceDefaultCtor(Boolean publicOnly, Boolean skipCheckThis, Boolean fillCache, StackCrawlMark& stackMark)
   在 System.Activator.CreateInstance[T]()
   在 LinqToDB.Data.DataConnection.<>c__111`1.<CreateDataProvider>b__111_0()
   在 System.Lazy`1.CreateValue()
   在 System.Lazy`1.LazyInitValue()
   在 System.Lazy`1.get_Value()
   在 LinqToDB.DataProvider.SQLite.SQLiteTools.GetDataProvider(String providerName)
   在 LinqToDB.DataProvider.SQLite.SQLiteTools.ProviderDetector(IConnectionStringSettings css, String connectionString)
   在 LinqToDB.Data.DataConnection.ConfigurationInfo.<>c__DisplayClass12_0.<GetDataProvider>b__0(Func`3 d)
   在 System.Linq.Enumerable.WhereSelectListIterator`2.MoveNext()
   在 System.Linq.Enumerable.FirstOrDefault[TSource](IEnumerable`1 source, Func`2 predicate)
   在 LinqToDB.Data.DataConnection.ConfigurationInfo.GetDataProvider(IConnectionStringSettings css, String connectionString)
   在 LinqToDB.Data.DataConnection.ConfigurationInfo.get_DataProvider()
   在 LinqToDB.Data.DataConnection..ctor(LinqToDBConnectionOptions options)
   在 LinqToDB.Data.DataConnection..ctor()
   在 ME.DB.MEDBDB..ctor() 位置 C:\ME.BioSoft\ME.DB\CopyMe.SQLite.generated.cs:行号 27
   在 ME.DB.PlatformActionDAL.SearchMany(Func`2 search) 位置 C:\ME.BioSoft\ME.DB\PlatformActionDAL.cs:行号 48
>>========================== 内部异常（InnerException）==========================
  >>异常消息（Message）：Cannot load assembly System.Data.SQLite
  >>异常来源（Source）：linq2db
  >>异常类型（ExceptionType）：System.InvalidOperationException
  >>原生异常类型（BaseExceptionType）：System.InvalidOperationException
  >>出错的方法签名（TargetSite）：LinqToDB.DataProvider.SQLite.SQLiteProviderAdapter CreateAdapter(System.String, System.String, System.String)
  >>堆栈信息（StackTrace）：
   在 LinqToDB.DataProvider.SQLite.SQLiteProviderAdapter.CreateAdapter(String assemblyName, String clientNamespace, String prefix)
   在 LinqToDB.DataProvider.SQLite.SQLiteProviderAdapter.GetInstance(String name)
   在 LinqToDB.DataProvider.SQLite.SQLiteDataProvider..ctor(String name, MappingSchema mappingSchema)
   在 LinqToDB.DataProvider.SQLite.SQLiteDataProviderClassic..ctor()

//==========================================================================================================
系统时间：11/16/2022 14:02:53  当前线程ID：1
日志等级：
日志内容：批量查询标定数据异常：调用的目标发生了异常。
异常信息：
  >>异常消息（Message）：调用的目标发生了异常。
  >>异常来源（Source）：mscorlib
  >>异常类型（ExceptionType）：System.Reflection.TargetInvocationException
  >>原生异常类型（BaseExceptionType）：System.InvalidOperationException
  >>出错的方法签名（TargetSite）：System.Object CreateInstance(System.RuntimeType, Boolean, Boolean, Boolean ByRef, System.RuntimeMethodHandleInternal ByRef, Boolean ByRef)
  >>堆栈信息（StackTrace）：
   在 System.RuntimeTypeHandle.CreateInstance(RuntimeType type, Boolean publicOnly, Boolean noCheck, Boolean& canBeCached, RuntimeMethodHandleInternal& ctor, Boolean& bNeedSecurityCheck)
   在 System.RuntimeType.CreateInstanceSlow(Boolean publicOnly, Boolean skipCheckThis, Boolean fillCache, StackCrawlMark& stackMark)
   在 System.RuntimeType.CreateInstanceDefaultCtor(Boolean publicOnly, Boolean skipCheckThis, Boolean fillCache, StackCrawlMark& stackMark)
   在 System.Activator.CreateInstance[T]()
   在 LinqToDB.Data.DataConnection.<>c__111`1.<CreateDataProvider>b__111_0()
   在 System.Lazy`1.CreateValue()
   在 System.Lazy`1.LazyInitValue()
   在 System.Lazy`1.get_Value()
   在 LinqToDB.DataProvider.SQLite.SQLiteTools.GetDataProvider(String providerName)
   在 LinqToDB.DataProvider.SQLite.SQLiteTools.ProviderDetector(IConnectionStringSettings css, String connectionString)
   在 LinqToDB.Data.DataConnection.ConfigurationInfo.<>c__DisplayClass12_0.<GetDataProvider>b__0(Func`3 d)
   在 System.Linq.Enumerable.WhereSelectListIterator`2.MoveNext()
   在 System.Linq.Enumerable.FirstOrDefault[TSource](IEnumerable`1 source, Func`2 predicate)
   在 LinqToDB.Data.DataConnection.ConfigurationInfo.GetDataProvider(IConnectionStringSettings css, String connectionString)
   在 LinqToDB.Data.DataConnection.ConfigurationInfo.get_DataProvider()
   在 LinqToDB.Data.DataConnection..ctor(LinqToDBConnectionOptions options)
   在 LinqToDB.Data.DataConnection..ctor()
   在 ME.DB.MEDBDB..ctor() 位置 C:\ME.BioSoft\ME.DB\CopyMe.SQLite.generated.cs:行号 27
   在 ME.DB.PlatformActionDAL.SearchMany(Func`2 search) 位置 C:\ME.BioSoft\ME.DB\PlatformActionDAL.cs:行号 48
>>========================== 内部异常（InnerException）==========================
  >>异常消息（Message）：Cannot load assembly System.Data.SQLite
  >>异常来源（Source）：linq2db
  >>异常类型（ExceptionType）：System.InvalidOperationException
  >>原生异常类型（BaseExceptionType）：System.InvalidOperationException
  >>出错的方法签名（TargetSite）：LinqToDB.DataProvider.SQLite.SQLiteProviderAdapter CreateAdapter(System.String, System.String, System.String)
  >>堆栈信息（StackTrace）：
   在 LinqToDB.DataProvider.SQLite.SQLiteProviderAdapter.CreateAdapter(String assemblyName, String clientNamespace, String prefix)
   在 LinqToDB.DataProvider.SQLite.SQLiteProviderAdapter.GetInstance(String name)
   在 LinqToDB.DataProvider.SQLite.SQLiteDataProvider..ctor(String name, MappingSchema mappingSchema)
   在 LinqToDB.DataProvider.SQLite.SQLiteDataProviderClassic..ctor()

//==========================================================================================================
系统时间：11/16/2022 14:03:38  当前线程ID：1
日志等级：
日志内容：批量查询标定数据异常：调用的目标发生了异常。
异常信息：
  >>异常消息（Message）：调用的目标发生了异常。
  >>异常来源（Source）：mscorlib
  >>异常类型（ExceptionType）：System.Reflection.TargetInvocationException
  >>原生异常类型（BaseExceptionType）：System.InvalidOperationException
  >>出错的方法签名（TargetSite）：System.Object CreateInstance(System.RuntimeType, Boolean, Boolean, Boolean ByRef, System.RuntimeMethodHandleInternal ByRef, Boolean ByRef)
  >>堆栈信息（StackTrace）：
   在 System.RuntimeTypeHandle.CreateInstance(RuntimeType type, Boolean publicOnly, Boolean noCheck, Boolean& canBeCached, RuntimeMethodHandleInternal& ctor, Boolean& bNeedSecurityCheck)
   在 System.RuntimeType.CreateInstanceSlow(Boolean publicOnly, Boolean skipCheckThis, Boolean fillCache, StackCrawlMark& stackMark)
   在 System.RuntimeType.CreateInstanceDefaultCtor(Boolean publicOnly, Boolean skipCheckThis, Boolean fillCache, StackCrawlMark& stackMark)
   在 System.Activator.CreateInstance[T]()
   在 LinqToDB.Data.DataConnection.<>c__111`1.<CreateDataProvider>b__111_0()
   在 System.Lazy`1.CreateValue()
   在 System.Lazy`1.LazyInitValue()
   在 System.Lazy`1.get_Value()
   在 LinqToDB.DataProvider.SQLite.SQLiteTools.GetDataProvider(String providerName)
   在 LinqToDB.DataProvider.SQLite.SQLiteTools.ProviderDetector(IConnectionStringSettings css, String connectionString)
   在 LinqToDB.Data.DataConnection.ConfigurationInfo.<>c__DisplayClass12_0.<GetDataProvider>b__0(Func`3 d)
   在 System.Linq.Enumerable.WhereSelectListIterator`2.MoveNext()
   在 System.Linq.Enumerable.FirstOrDefault[TSource](IEnumerable`1 source, Func`2 predicate)
   在 LinqToDB.Data.DataConnection.ConfigurationInfo.GetDataProvider(IConnectionStringSettings css, String connectionString)
   在 LinqToDB.Data.DataConnection.ConfigurationInfo.get_DataProvider()
   在 LinqToDB.Data.DataConnection..ctor(LinqToDBConnectionOptions options)
   在 LinqToDB.Data.DataConnection..ctor()
   在 ME.DB.MEDBDB..ctor() 位置 C:\ME.BioSoft\ME.DB\CopyMe.SQLite.generated.cs:行号 27
   在 ME.DB.PlatformActionDAL.SearchMany(Func`2 search) 位置 C:\ME.BioSoft\ME.DB\PlatformActionDAL.cs:行号 48
>>========================== 内部异常（InnerException）==========================
  >>异常消息（Message）：Cannot load assembly System.Data.SQLite
  >>异常来源（Source）：linq2db
  >>异常类型（ExceptionType）：System.InvalidOperationException
  >>原生异常类型（BaseExceptionType）：System.InvalidOperationException
  >>出错的方法签名（TargetSite）：LinqToDB.DataProvider.SQLite.SQLiteProviderAdapter CreateAdapter(System.String, System.String, System.String)
  >>堆栈信息（StackTrace）：
   在 LinqToDB.DataProvider.SQLite.SQLiteProviderAdapter.CreateAdapter(String assemblyName, String clientNamespace, String prefix)
   在 LinqToDB.DataProvider.SQLite.SQLiteProviderAdapter.GetInstance(String name)
   在 LinqToDB.DataProvider.SQLite.SQLiteDataProvider..ctor(String name, MappingSchema mappingSchema)
   在 LinqToDB.DataProvider.SQLite.SQLiteDataProviderClassic..ctor()

//==========================================================================================================
系统时间：11/16/2022 14:07:07  当前线程ID：1
日志等级：
日志内容：批量查询标定数据异常：调用的目标发生了异常。
异常信息：
  >>异常消息（Message）：调用的目标发生了异常。
  >>异常来源（Source）：mscorlib
  >>异常类型（ExceptionType）：System.Reflection.TargetInvocationException
  >>原生异常类型（BaseExceptionType）：System.InvalidOperationException
  >>出错的方法签名（TargetSite）：System.Object CreateInstance(System.RuntimeType, Boolean, Boolean, Boolean ByRef, System.RuntimeMethodHandleInternal ByRef, Boolean ByRef)
  >>堆栈信息（StackTrace）：
   在 System.RuntimeTypeHandle.CreateInstance(RuntimeType type, Boolean publicOnly, Boolean noCheck, Boolean& canBeCached, RuntimeMethodHandleInternal& ctor, Boolean& bNeedSecurityCheck)
   在 System.RuntimeType.CreateInstanceSlow(Boolean publicOnly, Boolean skipCheckThis, Boolean fillCache, StackCrawlMark& stackMark)
   在 System.RuntimeType.CreateInstanceDefaultCtor(Boolean publicOnly, Boolean skipCheckThis, Boolean fillCache, StackCrawlMark& stackMark)
   在 System.Activator.CreateInstance[T]()
   在 LinqToDB.Data.DataConnection.<>c__111`1.<CreateDataProvider>b__111_0()
   在 System.Lazy`1.CreateValue()
   在 System.Lazy`1.LazyInitValue()
   在 System.Lazy`1.get_Value()
   在 LinqToDB.DataProvider.SQLite.SQLiteTools.GetDataProvider(String providerName)
   在 LinqToDB.DataProvider.SQLite.SQLiteTools.ProviderDetector(IConnectionStringSettings css, String connectionString)
   在 LinqToDB.Data.DataConnection.ConfigurationInfo.<>c__DisplayClass12_0.<GetDataProvider>b__0(Func`3 d)
   在 System.Linq.Enumerable.WhereSelectListIterator`2.MoveNext()
   在 System.Linq.Enumerable.FirstOrDefault[TSource](IEnumerable`1 source, Func`2 predicate)
   在 LinqToDB.Data.DataConnection.ConfigurationInfo.GetDataProvider(IConnectionStringSettings css, String connectionString)
   在 LinqToDB.Data.DataConnection.ConfigurationInfo.get_DataProvider()
   在 LinqToDB.Data.DataConnection..ctor(LinqToDBConnectionOptions options)
   在 LinqToDB.Data.DataConnection..ctor()
   在 ME.DB.MEDBDB..ctor() 位置 C:\ME.BioSoft\ME.DB\CopyMe.SQLite.generated.cs:行号 27
   在 ME.DB.PlatformActionDAL.SearchMany(Func`2 search) 位置 C:\ME.BioSoft\ME.DB\PlatformActionDAL.cs:行号 48
>>========================== 内部异常（InnerException）==========================
  >>异常消息（Message）：Cannot load assembly System.Data.SQLite
  >>异常来源（Source）：linq2db
  >>异常类型（ExceptionType）：System.InvalidOperationException
  >>原生异常类型（BaseExceptionType）：System.InvalidOperationException
  >>出错的方法签名（TargetSite）：LinqToDB.DataProvider.SQLite.SQLiteProviderAdapter CreateAdapter(System.String, System.String, System.String)
  >>堆栈信息（StackTrace）：
   在 LinqToDB.DataProvider.SQLite.SQLiteProviderAdapter.CreateAdapter(String assemblyName, String clientNamespace, String prefix)
   在 LinqToDB.DataProvider.SQLite.SQLiteProviderAdapter.GetInstance(String name)
   在 LinqToDB.DataProvider.SQLite.SQLiteDataProvider..ctor(String name, MappingSchema mappingSchema)
   在 LinqToDB.DataProvider.SQLite.SQLiteDataProviderClassic..ctor()

//==========================================================================================================
系统时间：11/16/2022 14:12:48  当前线程ID：1
日志等级：
日志内容：批量查询标定数据异常：调用的目标发生了异常。
异常信息：
  >>异常消息（Message）：调用的目标发生了异常。
  >>异常来源（Source）：mscorlib
  >>异常类型（ExceptionType）：System.Reflection.TargetInvocationException
  >>原生异常类型（BaseExceptionType）：System.InvalidOperationException
  >>出错的方法签名（TargetSite）：System.Object CreateInstance(System.RuntimeType, Boolean, Boolean, Boolean ByRef, System.RuntimeMethodHandleInternal ByRef, Boolean ByRef)
  >>堆栈信息（StackTrace）：
   在 System.RuntimeTypeHandle.CreateInstance(RuntimeType type, Boolean publicOnly, Boolean noCheck, Boolean& canBeCached, RuntimeMethodHandleInternal& ctor, Boolean& bNeedSecurityCheck)
   在 System.RuntimeType.CreateInstanceSlow(Boolean publicOnly, Boolean skipCheckThis, Boolean fillCache, StackCrawlMark& stackMark)
   在 System.RuntimeType.CreateInstanceDefaultCtor(Boolean publicOnly, Boolean skipCheckThis, Boolean fillCache, StackCrawlMark& stackMark)
   在 System.Activator.CreateInstance[T]()
   在 LinqToDB.Data.DataConnection.<>c__111`1.<CreateDataProvider>b__111_0()
   在 System.Lazy`1.CreateValue()
   在 System.Lazy`1.LazyInitValue()
   在 System.Lazy`1.get_Value()
   在 LinqToDB.DataProvider.SQLite.SQLiteTools.GetDataProvider(String providerName)
   在 LinqToDB.DataProvider.SQLite.SQLiteTools.ProviderDetector(IConnectionStringSettings css, String connectionString)
   在 LinqToDB.Data.DataConnection.ConfigurationInfo.<>c__DisplayClass12_0.<GetDataProvider>b__0(Func`3 d)
   在 System.Linq.Enumerable.WhereSelectListIterator`2.MoveNext()
   在 System.Linq.Enumerable.FirstOrDefault[TSource](IEnumerable`1 source, Func`2 predicate)
   在 LinqToDB.Data.DataConnection.ConfigurationInfo.GetDataProvider(IConnectionStringSettings css, String connectionString)
   在 LinqToDB.Data.DataConnection.ConfigurationInfo.get_DataProvider()
   在 LinqToDB.Data.DataConnection..ctor(LinqToDBConnectionOptions options)
   在 LinqToDB.Data.DataConnection..ctor()
   在 ME.DB.MEDBDB..ctor() 位置 C:\ME.BioSoft\ME.DB\CopyMe.SQLite.generated.cs:行号 27
   在 ME.DB.PlatformActionDAL.SearchMany(Func`2 search) 位置 C:\ME.BioSoft\ME.DB\PlatformActionDAL.cs:行号 48
>>========================== 内部异常（InnerException）==========================
  >>异常消息（Message）：Cannot load assembly System.Data.SQLite
  >>异常来源（Source）：linq2db
  >>异常类型（ExceptionType）：System.InvalidOperationException
  >>原生异常类型（BaseExceptionType）：System.InvalidOperationException
  >>出错的方法签名（TargetSite）：LinqToDB.DataProvider.SQLite.SQLiteProviderAdapter CreateAdapter(System.String, System.String, System.String)
  >>堆栈信息（StackTrace）：
   在 LinqToDB.DataProvider.SQLite.SQLiteProviderAdapter.CreateAdapter(String assemblyName, String clientNamespace, String prefix)
   在 LinqToDB.DataProvider.SQLite.SQLiteProviderAdapter.GetInstance(String name)
   在 LinqToDB.DataProvider.SQLite.SQLiteDataProvider..ctor(String name, MappingSchema mappingSchema)
   在 LinqToDB.DataProvider.SQLite.SQLiteDataProviderClassic..ctor()

//==========================================================================================================
系统时间：11/16/2022 14:29:27  当前线程ID：1
日志等级：
日志内容：批量查询标定数据异常：调用的目标发生了异常。
异常信息：
  >>异常消息（Message）：调用的目标发生了异常。
  >>异常来源（Source）：mscorlib
  >>异常类型（ExceptionType）：System.Reflection.TargetInvocationException
  >>原生异常类型（BaseExceptionType）：System.InvalidOperationException
  >>出错的方法签名（TargetSite）：System.Object CreateInstance(System.RuntimeType, Boolean, Boolean, Boolean ByRef, System.RuntimeMethodHandleInternal ByRef, Boolean ByRef)
  >>堆栈信息（StackTrace）：
   在 System.RuntimeTypeHandle.CreateInstance(RuntimeType type, Boolean publicOnly, Boolean noCheck, Boolean& canBeCached, RuntimeMethodHandleInternal& ctor, Boolean& bNeedSecurityCheck)
   在 System.RuntimeType.CreateInstanceSlow(Boolean publicOnly, Boolean skipCheckThis, Boolean fillCache, StackCrawlMark& stackMark)
   在 System.RuntimeType.CreateInstanceDefaultCtor(Boolean publicOnly, Boolean skipCheckThis, Boolean fillCache, StackCrawlMark& stackMark)
   在 System.Activator.CreateInstance[T]()
   在 LinqToDB.Data.DataConnection.<>c__111`1.<CreateDataProvider>b__111_0()
   在 System.Lazy`1.CreateValue()
   在 System.Lazy`1.LazyInitValue()
   在 System.Lazy`1.get_Value()
   在 LinqToDB.DataProvider.SQLite.SQLiteTools.GetDataProvider(String providerName)
   在 LinqToDB.DataProvider.SQLite.SQLiteTools.ProviderDetector(IConnectionStringSettings css, String connectionString)
   在 LinqToDB.Data.DataConnection.ConfigurationInfo.<>c__DisplayClass12_0.<GetDataProvider>b__0(Func`3 d)
   在 System.Linq.Enumerable.WhereSelectListIterator`2.MoveNext()
   在 System.Linq.Enumerable.FirstOrDefault[TSource](IEnumerable`1 source, Func`2 predicate)
   在 LinqToDB.Data.DataConnection.ConfigurationInfo.GetDataProvider(IConnectionStringSettings css, String connectionString)
   在 LinqToDB.Data.DataConnection.ConfigurationInfo.get_DataProvider()
   在 LinqToDB.Data.DataConnection..ctor(LinqToDBConnectionOptions options)
   在 LinqToDB.Data.DataConnection..ctor()
   在 ME.DB.MEDBDB..ctor() 位置 C:\ME.BioSoft\ME.DB\CopyMe.SQLite.generated.cs:行号 27
   在 ME.DB.PlatformActionDAL.SearchMany(Func`2 search) 位置 C:\ME.BioSoft\ME.DB\PlatformActionDAL.cs:行号 48
>>========================== 内部异常（InnerException）==========================
  >>异常消息（Message）：Cannot load assembly System.Data.SQLite
  >>异常来源（Source）：linq2db
  >>异常类型（ExceptionType）：System.InvalidOperationException
  >>原生异常类型（BaseExceptionType）：System.InvalidOperationException
  >>出错的方法签名（TargetSite）：LinqToDB.DataProvider.SQLite.SQLiteProviderAdapter CreateAdapter(System.String, System.String, System.String)
  >>堆栈信息（StackTrace）：
   在 LinqToDB.DataProvider.SQLite.SQLiteProviderAdapter.CreateAdapter(String assemblyName, String clientNamespace, String prefix)
   在 LinqToDB.DataProvider.SQLite.SQLiteProviderAdapter.GetInstance(String name)
   在 LinqToDB.DataProvider.SQLite.SQLiteDataProvider..ctor(String name, MappingSchema mappingSchema)
   在 LinqToDB.DataProvider.SQLite.SQLiteDataProviderClassic..ctor()
